#
# There is insufficient memory for the Java Runtime Environment to continue.
# Native memory allocation (malloc) failed to allocate 22282240 bytes for committing reserved memory.
# Possible reasons:
#   The system is out of physical RAM or swap space
#   In 32 bit mode, the process size limit was hit
# Possible solutions:
#   Reduce memory load on the system
#   Increase physical memory or swap space
#   Check if swap backing store is full
#   Use 64 bit Java on a 64 bit OS
#   Decrease Java heap size (-Xmx/-Xms)
#   Decrease number of Java threads
#   Decrease Java thread stack sizes (-Xss)
#   Set larger code cache with -XX:ReservedCodeCacheSize=
# This output file may be truncated or incomplete.
#
#  Out of Memory Error (os_linux.cpp:2745), pid=7639, tid=1817926464
#
# JRE version: Java(TM) SE Runtime Environment (7.0_67-b01) (build 1.7.0_67-b01)
# Java VM: Java HotSpot(TM) Server VM (24.65-b04 mixed mode linux-x86 )
# Failed to write core dump. Core dumps have been disabled. To enable core dumping, try "ulimit -c unlimited" before starting Java again
#

---------------  T H R E A D  ---------------

Current thread (0x6c410400):  VMThread [stack: 0x6c535000,0x6c5b6000] [id=7660]

Stack: [0x6c535000,0x6c5b6000],  sp=0x6c5b4820,  free space=510k
Native frames: (J=compiled Java code, j=interpreted, Vv=VM code, C=native code)
V  [libjvm.so+0x7e6b76]  VMError::report_and_die()+0x1a6
V  [libjvm.so+0x33d852]  report_vm_out_of_memory(char const*, int, unsigned int, char const*)+0x72
V  [libjvm.so+0x684cf1]  os::Linux::commit_memory_impl(char*, unsigned int, bool)+0xe1
V  [libjvm.so+0x6851b8]  os::pd_commit_memory(char*, unsigned int, unsigned int, bool)+0x28
V  [libjvm.so+0x67e92c]  os::commit_memory(char*, unsigned int, unsigned int, bool)+0x2c
V  [libjvm.so+0x6e8518]  PSVirtualSpace::expand_by(unsigned int)+0x48
V  [libjvm.so+0x6e961a]  PSYoungGen::resize_generation(unsigned int, unsigned int)+0xda
V  [libjvm.so+0x6e8959]  PSYoungGen::resize(unsigned int, unsigned int)+0x19
V  [libjvm.so+0x6e630e]  PSScavenge::invoke_no_policy()+0xd5e
V  [libjvm.so+0x6e6ae8]  PSScavenge::invoke()+0x28
V  [libjvm.so+0x6a491a]  ParallelScavengeHeap::failed_mem_allocate(unsigned int)+0x5a
V  [libjvm.so+0x7e840a]  VM_ParallelGCFailedAllocation::doit()+0x7a
V  [libjvm.so+0x7f1227]  VM_Operation::evaluate()+0x47
V  [libjvm.so+0x7ef2c3]  VMThread::evaluate_operation(VM_Operation*)+0xb3
V  [libjvm.so+0x7ef660]  VMThread::loop()+0x1b0
V  [libjvm.so+0x7efac5]  VMThread::run()+0x85
V  [libjvm.so+0x686fc9]  java_start(Thread*)+0x119
C  [libpthread.so.0+0x6f70]  start_thread+0xd0

VM_Operation (0xb67f3964): ParallelGCFailedAllocation, mode: safepoint, requested by thread 0xb6607800


---------------  P R O C E S S  ---------------

Java Threads: ( => current thread )
  0x6c429400 JavaThread "Service Thread" daemon [_thread_blocked, id=7673, stack(0x6be4f000,0x6bea0000)]
  0x6c427800 JavaThread "C2 CompilerThread1" daemon [_thread_blocked, id=7671, stack(0x6bea0000,0x6bf21000)]
  0x6c425800 JavaThread "C2 CompilerThread0" daemon [_thread_blocked, id=7668, stack(0x6bf21000,0x6bfa2000)]
  0x6c424000 JavaThread "Signal Dispatcher" daemon [_thread_blocked, id=7667, stack(0x6bfa2000,0x6bff3000)]
  0x6c414400 JavaThread "Finalizer" daemon [_thread_blocked, id=7665, stack(0x6c35e000,0x6c3af000)]
  0x6c412c00 JavaThread "Reference Handler" daemon [_thread_blocked, id=7662, stack(0x6c3af000,0x6c400000)]
  0xb6607800 JavaThread "main" [_thread_blocked, id=7655, stack(0xb67a4000,0xb67f5000)]

Other Threads:
=>0x6c410400 VMThread [stack: 0x6c535000,0x6c5b6000] [id=7660]
  0x6c42b400 WatcherThread [stack: 0x6bdce000,0x6be4f000] [id=7675]

VM state:at safepoint (normal execution)

VM Mutex/Monitor currently owned by a thread:  ([mutex/lock_event])
[0xb6604f10] Threads_lock - owner thread: 0x6c410400
[0xb6605320] Heap_lock - owner thread: 0xb6607800

Heap
 PSYoungGen      total 105728K, used 52728K [0x9dfc0000, 0xa8d00000, 0xb3540000)
  eden space 52992K, 0% used [0x9dfc0000,0x9dfc0000,0xa1380000)
  from space 52736K, 99% used [0xa5980000,0xa8cfe0d0,0xa8d00000)
  to   space 54272K, 0% used [0xa1380000,0xa1380000,0xa4880000)
 ParOldGen       total 92928K, used 47623K [0x73540000, 0x79000000, 0x9dfc0000)
  object space 92928K, 51% used [0x73540000,0x763c1ef8,0x79000000)
 PSPermGen       total 16384K, used 3583K [0x6f540000, 0x70540000, 0x73540000)
  object space 16384K, 21% used [0x6f540000,0x6f8bffa8,0x70540000)

Card table byte_map: [0x6f31f000,0x6f540000] byte_map_base: 0x6efa4600

Polling page: 0xb7734000

Code Cache  [0xb3600000, 0xb3840000, 0xb6600000)
 total_blobs=647 nmethods=525 adapters=73 free_code_cache=47625Kb largest_free_block=48738880

Compilation events (10 events):
Event: 19,635 Thread 0x6c427800 nmethod 531 0xb3760c88 code [0xb3760d60, 0xb3760db0]
Event: 19,635 Thread 0x6c425800 nmethod 530 0xb375d208 code [0xb375d2e0, 0xb375d330]
Event: 19,635 Thread 0x6c425800  532             com.android.dx.rop.cst.CstNat::getName (5 bytes)
Event: 19,635 Thread 0x6c425800 nmethod 532 0xb375d048 code [0xb375d120, 0xb375d170]
Event: 21,666 Thread 0x6c427800  533             com.android.dx.rop.cst.CstInteger::getType (4 bytes)
Event: 21,666 Thread 0x6c427800 nmethod 533 0xb3768008 code [0xb3768100, 0xb3768150]
Event: 21,673 Thread 0x6c425800  534             com.android.dx.rop.cst.CstLiteral32::hashCode (5 bytes)
Event: 21,673 Thread 0x6c425800 nmethod 534 0xb3767e88 code [0xb3767f60, 0xb3767fb0]
Event: 21,690 Thread 0x6c427800  535   !         com.android.dx.cf.code.BytecodeArray::parseInstruction (2764 bytes)
Event: 21,773 Thread 0x6c425800  536 %           com.android.dx.ssa.ConstCollector::getConstsSortedByCountUse @ 27 (386 bytes)

GC Heap History (10 events):
Event: 16,754 GC heap after
Heap after GC invocations=15 (full 3):
 PSYoungGen      total 70656K, used 32764K [0x9dfc0000, 0xa5ac0000, 0xb3540000)
  eden space 37888K, 0% used [0x9dfc0000,0x9dfc0000,0xa04c0000)
  from space 32768K, 99% used [0xa2b80000,0xa4b7f2b8,0xa4b80000)
  to   space 39680K, 0% used [0xa04c0000,0xa04c0000,0xa2b80000)
 ParOldGen       total 57856K, used 27495K [0x73540000, 0x76dc0000, 0x9dfc0000)
  object space 57856K, 47% used [0x73540000,0x75019db8,0x76dc0000)
 PSPermGen       total 16384K, used 3579K [0x6f540000, 0x70540000, 0x73540000)
  object space 16384K, 21% used [0x6f540000,0x6f8bedf8,0x70540000)
}
Event: 16,814 GC heap before
{Heap before GC invocations=16 (full 3):
 PSYoungGen      total 70656K, used 70652K [0x9dfc0000, 0xa5ac0000, 0xb3540000)
  eden space 37888K, 100% used [0x9dfc0000,0xa04c0000,0xa04c0000)
  from space 32768K, 99% used [0xa2b80000,0xa4b7f2b8,0xa4b80000)
  to   space 39680K, 0% used [0xa04c0000,0xa04c0000,0xa2b80000)
 ParOldGen       total 57856K, used 27495K [0x73540000, 0x76dc0000, 0x9dfc0000)
  object space 57856K, 47% used [0x73540000,0x75019db8,0x76dc0000)
 PSPermGen       total 16384K, used 3579K [0x6f540000, 0x70540000, 0x73540000)
  object space 16384K, 21% used [0x6f540000,0x6f8bedf8,0x70540000)
Event: 17,002 GC heap after
Heap after GC invocations=16 (full 3):
 PSYoungGen      total 77568K, used 39666K [0x9dfc0000, 0xa8080000, 0xb3540000)
  eden space 37888K, 0% used [0x9dfc0000,0x9dfc0000,0xa04c0000)
  from space 39680K, 99% used [0xa04c0000,0xa2b7c810,0xa2b80000)
  to   space 55552K, 0% used [0xa4a40000,0xa4a40000,0xa8080000)
 ParOldGen       total 57856K, used 53950K [0x73540000, 0x76dc0000, 0x9dfc0000)
  object space 57856K, 93% used [0x73540000,0x769ef860,0x76dc0000)
 PSPermGen       total 16384K, used 3579K [0x6f540000, 0x70540000, 0x73540000)
  object space 16384K, 21% used [0x6f540000,0x6f8bedf8,0x70540000)
}
Event: 17,003 GC heap before
{Heap before GC invocations=17 (full 4):
 PSYoungGen      total 77568K, used 39666K [0x9dfc0000, 0xa8080000, 0xb3540000)
  eden space 37888K, 0% used [0x9dfc0000,0x9dfc0000,0xa04c0000)
  from space 39680K, 99% used [0xa04c0000,0xa2b7c810,0xa2b80000)
  to   space 55552K, 0% used [0xa4a40000,0xa4a40000,0xa8080000)
 ParOldGen       total 57856K, used 53950K [0x73540000, 0x76dc0000, 0x9dfc0000)
  object space 57856K, 93% used [0x73540000,0x769ef860,0x76dc0000)
 PSPermGen       total 16384K, used 3579K [0x6f540000, 0x70540000, 0x73540000)
  object space 16384K, 21% used [0x6f540000,0x6f8bedf8,0x70540000)
Event: 17,458 GC heap after
Heap after GC invocations=17 (full 4):
 PSYoungGen      total 77568K, used 0K [0x9dfc0000, 0xa8080000, 0xb3540000)
  eden space 37888K, 0% used [0x9dfc0000,0x9dfc0000,0xa04c0000)
  from space 39680K, 0% used [0xa04c0000,0xa04c0000,0xa2b80000)
  to   space 55552K, 0% used [0xa4a40000,0xa4a40000,0xa8080000)
 ParOldGen       total 92928K, used 46000K [0x73540000, 0x79000000, 0x9dfc0000)
  object space 92928K, 49% used [0x73540000,0x7622c238,0x79000000)
 PSPermGen       total 16384K, used 3579K [0x6f540000, 0x70540000, 0x73540000)
  object space 16384K, 21% used [0x6f540000,0x6f8bedf8,0x70540000)
}
Event: 18,038 GC heap before
{Heap before GC invocations=18 (full 4):
 PSYoungGen      total 77568K, used 37888K [0x9dfc0000, 0xa8080000, 0xb3540000)
  eden space 37888K, 100% used [0x9dfc0000,0xa04c0000,0xa04c0000)
  from space 39680K, 0% used [0xa04c0000,0xa04c0000,0xa2b80000)
  to   space 55552K, 0% used [0xa4a40000,0xa4a40000,0xa8080000)
 ParOldGen       total 92928K, used 46000K [0x73540000, 0x79000000, 0x9dfc0000)
  object space 92928K, 49% used [0x73540000,0x7622c238,0x79000000)
 PSPermGen       total 16384K, used 3579K [0x6f540000, 0x70540000, 0x73540000)
  object space 16384K, 21% used [0x6f540000,0x6f8bedf8,0x70540000)
Event: 18,182 GC heap after
Heap after GC invocations=18 (full 4):
 PSYoungGen      total 105472K, used 10032K [0x9dfc0000, 0xa7d80000, 0xb3540000)
  eden space 52992K, 0% used [0x9dfc0000,0x9dfc0000,0xa1380000)
  from space 52480K, 19% used [0xa4a40000,0xa540c218,0xa7d80000)
  to   space 54272K, 0% used [0xa1380000,0xa1380000,0xa4880000)
 ParOldGen       total 92928K, used 46000K [0x73540000, 0x79000000, 0x9dfc0000)
  object space 92928K, 49% used [0x73540000,0x7622c238,0x79000000)
 PSPermGen       total 16384K, used 3579K [0x6f540000, 0x70540000, 0x73540000)
  object space 16384K, 21% used [0x6f540000,0x6f8bedf8,0x70540000)
}
Event: 38,202 GC heap before
{Heap before GC invocations=19 (full 4):
 PSYoungGen      total 105472K, used 63024K [0x9dfc0000, 0xa7d80000, 0xb3540000)
  eden space 52992K, 100% used [0x9dfc0000,0xa1380000,0xa1380000)
  from space 52480K, 19% used [0xa4a40000,0xa540c218,0xa7d80000)
  to   space 54272K, 0% used [0xa1380000,0xa1380000,0xa4880000)
 ParOldGen       total 92928K, used 46000K [0x73540000, 0x79000000, 0x9dfc0000)
  object space 92928K, 49% used [0x73540000,0x7622c238,0x79000000)
 PSPermGen       total 16384K, used 3583K [0x6f540000, 0x70540000, 0x73540000)
  object space 16384K, 21% used [0x6f540000,0x6f8bffa8,0x70540000)
Event: 38,347 GC heap after
Heap after GC invocations=19 (full 4):
 PSYoungGen      total 107264K, used 26029K [0x9dfc0000, 0xa8d00000, 0xb3540000)
  eden space 52992K, 0% used [0x9dfc0000,0x9dfc0000,0xa1380000)
  from space 54272K, 47% used [0xa1380000,0xa2ceb588,0xa4880000)
  to   space 52736K, 0% used [0xa5980000,0xa5980000,0xa8d00000)
 ParOldGen       total 92928K, used 46000K [0x73540000, 0x79000000, 0x9dfc0000)
  object space 92928K, 49% used [0x73540000,0x7622c238,0x79000000)
 PSPermGen       total 16384K, used 3583K [0x6f540000, 0x70540000, 0x73540000)
  object space 16384K, 21% used [0x6f540000,0x6f8bffa8,0x70540000)
}
Event: 45,568 GC heap before
{Heap before GC invocations=20 (full 4):
 PSYoungGen      total 107264K, used 79021K [0x9dfc0000, 0xa8d00000, 0xb3540000)
  eden space 52992K, 100% used [0x9dfc0000,0xa1380000,0xa1380000)
  from space 54272K, 47% used [0xa1380000,0xa2ceb588,0xa4880000)
  to   space 52736K, 0% used [0xa5980000,0xa5980000,0xa8d00000)
 ParOldGen       total 92928K, used 46000K [0x73540000, 0x79000000, 0x9dfc0000)
  object space 92928K, 49% used [0x73540000,0x7622c238,0x79000000)
 PSPermGen       total 16384K, used 3583K [0x6f540000, 0x70540000, 0x73540000)
  object space 16384K, 21% used [0x6f540000,0x6f8bffa8,0x70540000)

Deoptimization events (10 events):
Event: 21,630 Thread 0xb6607800 Uncommon trap: reason=class_check action=maybe_recompile pc=0xb374e6b8 method=com.android.dx.cf.code.BytecodeArray.parseInstruction(ILcom/android/dx/cf/code/BytecodeArray$Visitor;)I @ 907
Event: 21,650 Thread 0xb6607800 Uncommon trap: reason=class_check action=maybe_recompile pc=0xb374f808 method=com.android.dx.cf.code.BytecodeArray.parseInstruction(ILcom/android/dx/cf/code/BytecodeArray$Visitor;)I @ 1161
Event: 21,650 Thread 0xb6607800 Uncommon trap: reason=class_check action=maybe_recompile pc=0xb374e710 method=com.android.dx.cf.code.BytecodeArray.parseInstruction(ILcom/android/dx/cf/code/BytecodeArray$Visitor;)I @ 923
Event: 21,650 Thread 0xb6607800 Uncommon trap: reason=class_check action=maybe_recompile pc=0xb374f604 method=com.android.dx.cf.code.BytecodeArray.parseInstruction(ILcom/android/dx/cf/code/BytecodeArray$Visitor;)I @ 1130
Event: 21,650 Thread 0xb6607800 Uncommon trap: reason=class_check action=maybe_recompile pc=0xb374e76c method=com.android.dx.cf.code.BytecodeArray.parseInstruction(ILcom/android/dx/cf/code/BytecodeArray$Visitor;)I @ 939
Event: 21,650 Thread 0xb6607800 Uncommon trap: reason=class_check action=maybe_recompile pc=0xb374f604 method=com.android.dx.cf.code.BytecodeArray.parseInstruction(ILcom/android/dx/cf/code/BytecodeArray$Visitor;)I @ 1130
Event: 21,767 Thread 0xb6607800 Uncommon trap: reason=unreached action=reinterpret pc=0xb36ca8d4 method=com.android.dx.rop.code.DexTranslationAdvice.hasConstantOperation(Lcom/android/dx/rop/code/Rop;Lcom/android/dx/rop/code/RegisterSpec;Lcom/android/dx/rop/code/RegisterSpec;)Z @ 19
Event: 21,773 Thread 0xb6607800 Uncommon trap: reason=class_check action=maybe_recompile pc=0xb3763880 method=com.android.dx.ssa.ConstCollector.getConstsSortedByCountUse()Ljava/util/ArrayList; @ 76
Event: 21,778 Thread 0xb6607800 Uncommon trap: reason=class_check action=maybe_recompile pc=0xb3762524 method=com.android.dx.ssa.ConstCollector.updateConstUses(Ljava/util/HashMap;I)V @ 64
Event: 21,811 Thread 0xb6607800 Uncommon trap: reason=unreached action=reinterpret pc=0xb36b8aa0 method=com.android.dx.ssa.SsaMethod.onSourcesChanged(Lcom/android/dx/ssa/SsaInsn;Lcom/android/dx/rop/code/RegisterSpecList;)V @ 4

Internal exceptions (10 events):
Event: 3,917 Thread 0xb6607800 Threw 0x9e7acaf0 at /HUDSON/workspace/7u-2-build-linux-i586/jdk7u67/1368/hotspot/src/share/vm/prims/jvm.cpp:1244
Event: 4,354 Thread 0xb6607800 Threw 0x9e26bae8 at /HUDSON/workspace/7u-2-build-linux-i586/jdk7u67/1368/hotspot/src/share/vm/prims/jvm.cpp:1244
Event: 5,274 Thread 0xb6607800 Threw 0x9e4408f0 at /HUDSON/workspace/7u-2-build-linux-i586/jdk7u67/1368/hotspot/src/share/vm/prims/jvm.cpp:1244
Event: 8,073 Thread 0xb6607800 Threw 0x9f243c30 at /HUDSON/workspace/7u-2-build-linux-i586/jdk7u67/1368/hotspot/src/share/vm/prims/jvm.cpp:1244
Event: 8,169 Thread 0xb6607800 Threw 0x9f34e0b8 at /HUDSON/workspace/7u-2-build-linux-i586/jdk7u67/1368/hotspot/src/share/vm/prims/jvm.cpp:1244
Event: 11,625 Thread 0xb6607800 Implicit null exception at 0xb3704868 to 0xb370522d
Event: 11,625 Thread 0xb6607800 Implicit null exception at 0xb36e796d to 0xb36e856d
Event: 12,827 Thread 0xb6607800 Implicit null exception at 0xb36de0f5 to 0xb36de53d
Event: 13,985 Thread 0xb6607800 Threw 0x9fb96450 at /HUDSON/workspace/7u-2-build-linux-i586/jdk7u67/1368/hotspot/src/share/vm/prims/jvm.cpp:1244
Event: 14,121 Thread 0xb6607800 Implicit null exception at 0xb36df4e2 to 0xb36df51d

Events (10 events):
Event: 21,811 Thread 0xb6607800 Uncommon trap: trap_request=0xffffffad fr.pc=0xb36b8aa0
Event: 21,811 Thread 0xb6607800 DEOPT PACKING pc=0xb36b8aa0 sp=0xb67f39e0
Event: 21,811 Thread 0xb6607800 DEOPT UNPACKING pc=0xb362cbc8 sp=0xb67f3978 mode 2
Event: 35,586 Executing VM operation: ParallelGCFailedAllocation
Event: 38,377 Executing VM operation: ParallelGCFailedAllocation done
Event: 38,383 Executing VM operation: RevokeBias
Event: 41,133 Executing VM operation: RevokeBias done
Event: 41,192 Executing VM operation: RevokeBias
Event: 41,747 Executing VM operation: RevokeBias done
Event: 41,785 Executing VM operation: ParallelGCFailedAllocation


Dynamic libraries:
08048000-08049000 r-xp 00000000 08:06 2501514    /usr/lib/jvm/java-7-oracle/jre/bin/java
08049000-0804a000 rw-p 00000000 08:06 2501514    /usr/lib/jvm/java-7-oracle/jre/bin/java
08793000-08c00000 rw-p 00000000 00:00 0          [heap]
6b600000-6b6f2000 rw-p 00000000 00:00 0 
6b6f2000-6b700000 ---p 00000000 00:00 0 
6b800000-6b8cf000 rw-p 00000000 00:00 0 
6b8cf000-6b900000 ---p 00000000 00:00 0 
6b900000-6b9fe000 rw-p 00000000 00:00 0 
6b9fe000-6ba00000 ---p 00000000 00:00 0 
6ba00000-6bafc000 rw-p 00000000 00:00 0 
6bafc000-6bb00000 ---p 00000000 00:00 0 
6bc00000-6bc2b000 rw-p 00000000 00:00 0 
6bc2b000-6bd00000 ---p 00000000 00:00 0 
6bd7e000-6bdce000 r--s 002f0000 08:06 2919512    /home/john/Downloads/AboutState/app/build/intermediates/exploded-aar/com.google.android.gms/play-services/6.1.11/classes.jar
6bdce000-6bdcf000 ---p 00000000 00:00 0 
6bdcf000-6be4f000 rw-p 00000000 00:00 0          [stack:7675]
6be4f000-6be52000 ---p 00000000 00:00 0 
6be52000-6bea0000 rw-p 00000000 00:00 0          [stack:7673]
6bea0000-6bea3000 ---p 00000000 00:00 0 
6bea3000-6bf21000 rw-p 00000000 00:00 0          [stack:7671]
6bf21000-6bf24000 ---p 00000000 00:00 0 
6bf24000-6bfa2000 rw-p 00000000 00:00 0          [stack:7668]
6bfa2000-6bfa5000 ---p 00000000 00:00 0 
6bfa5000-6bff3000 rw-p 00000000 00:00 0          [stack:7667]
6bff3000-6c15e000 r--p 00858000 08:06 2368045    /usr/lib/locale/locale-archive
6c15e000-6c35e000 r--p 00000000 08:06 2368045    /usr/lib/locale/locale-archive
6c35e000-6c361000 ---p 00000000 00:00 0 
6c361000-6c3af000 rw-p 00000000 00:00 0          [stack:7665]
6c3af000-6c3b2000 ---p 00000000 00:00 0 
6c3b2000-6c400000 rw-p 00000000 00:00 0          [stack:7662]
6c400000-6c4fc000 rw-p 00000000 00:00 0 
6c4fc000-6c500000 ---p 00000000 00:00 0 
6c51f000-6c534000 r-xp 00000000 08:06 2501618    /usr/lib/jvm/java-7-oracle/jre/lib/i386/libnet.so
6c534000-6c535000 rw-p 00014000 08:06 2501618    /usr/lib/jvm/java-7-oracle/jre/lib/i386/libnet.so
6c535000-6c536000 ---p 00000000 00:00 0 
6c536000-6c601000 rw-p 00000000 00:00 0          [stack:7660]
6c601000-6c7c0000 r--s 039e5000 08:06 2502273    /usr/lib/jvm/java-7-oracle/jre/lib/rt.jar
6c7c0000-6ee00000 rw-p 00000000 00:00 0 
6ee00000-6eef9000 rw-p 00000000 00:00 0 
6eef9000-6ef00000 ---p 00000000 00:00 0 
6ef15000-6ef23000 r-xp 00000000 08:06 2501643    /usr/lib/jvm/java-7-oracle/jre/lib/i386/libnio.so
6ef23000-6ef24000 rw-p 0000e000 08:06 2501643    /usr/lib/jvm/java-7-oracle/jre/lib/i386/libnio.so
6ef24000-6ef7f000 rw-p 00000000 00:00 0 
6ef7f000-6ef80000 ---p 00000000 00:00 0 
6ef80000-6f000000 rw-p 00000000 00:00 0          [stack:7659]
6f000000-6f021000 rw-p 00000000 00:00 0 
6f021000-6f100000 ---p 00000000 00:00 0 
6f10e000-6f128000 rw-p 00000000 00:00 0 
6f128000-6f129000 ---p 00000000 00:00 0 
6f129000-6f1b1000 rw-p 00000000 00:00 0          [stack:7657]
6f1b1000-6f1c9000 rw-p 00000000 00:00 0 
6f1c9000-6f1f7000 rw-p 00000000 00:00 0 
6f1f7000-6f31f000 rw-p 00000000 00:00 0 
6f31f000-6f327000 rw-p 00000000 00:00 0 
6f327000-6f33f000 rw-p 00000000 00:00 0 
6f33f000-6f36d000 rw-p 00000000 00:00 0 
6f36d000-6f494000 rw-p 00000000 00:00 0 
6f494000-6f4eb000 rw-p 00000000 00:00 0 
6f4eb000-6f53f000 rw-p 00000000 00:00 0 
6f53f000-70540000 rw-p 00000000 00:00 0 
70540000-73540000 rw-p 00000000 00:00 0 
73540000-79000000 rw-p 00000000 00:00 0 
79000000-9dfc0000 rw-p 00000000 00:00 0 
9dfc0000-a8d00000 rw-p 00000000 00:00 0 
aa210000-aa240000 r--p 00000000 08:06 3031098    /usr/share/locale-langpack/uk/LC_MESSAGES/libc.mo
aa240000-b3540000 rw-p 00000000 00:00 0 
b3540000-b3549000 rw-p 00000000 00:00 0 
b3549000-b3600000 rw-p 00000000 00:00 0 
b3600000-b3840000 rwxp 00000000 00:00 0 
b3840000-b66f3000 rw-p 00000000 00:00 0 
b66f3000-b6700000 ---p 00000000 00:00 0 
b670e000-b6725000 r-xp 00000000 08:06 2501650    /usr/lib/jvm/java-7-oracle/jre/lib/i386/libzip.so
b6725000-b6726000 rw-p 00017000 08:06 2501650    /usr/lib/jvm/java-7-oracle/jre/lib/i386/libzip.so
b6726000-b6731000 r-xp 00000000 08:06 2622528    /lib/i386-linux-gnu/libnss_files-2.19.so
b6731000-b6732000 r--p 0000a000 08:06 2622528    /lib/i386-linux-gnu/libnss_files-2.19.so
b6732000-b6733000 rw-p 0000b000 08:06 2622528    /lib/i386-linux-gnu/libnss_files-2.19.so
b6733000-b673d000 r-xp 00000000 08:06 2622538    /lib/i386-linux-gnu/libnss_nis-2.19.so
b673d000-b673e000 r--p 00009000 08:06 2622538    /lib/i386-linux-gnu/libnss_nis-2.19.so
b673e000-b673f000 rw-p 0000a000 08:06 2622538    /lib/i386-linux-gnu/libnss_nis-2.19.so
b673f000-b6754000 r-xp 00000000 08:06 2622522    /lib/i386-linux-gnu/libnsl-2.19.so
b6754000-b6755000 r--p 00015000 08:06 2622522    /lib/i386-linux-gnu/libnsl-2.19.so
b6755000-b6756000 rw-p 00016000 08:06 2622522    /lib/i386-linux-gnu/libnsl-2.19.so
b6756000-b6758000 rw-p 00000000 00:00 0 
b6758000-b675f000 r-xp 00000000 08:06 2622524    /lib/i386-linux-gnu/libnss_compat-2.19.so
b675f000-b6760000 r--p 00006000 08:06 2622524    /lib/i386-linux-gnu/libnss_compat-2.19.so
b6760000-b6761000 rw-p 00007000 08:06 2622524    /lib/i386-linux-gnu/libnss_compat-2.19.so
b6761000-b6762000 rw-p 00000000 00:00 0 
b6762000-b6769000 r--s 00000000 08:06 2366449    /usr/lib/i386-linux-gnu/gconv/gconv-modules.cache
b6769000-b6777000 r--s 000dc000 08:06 3035076    /home/john/dev/android-studio/sdk/build-tools/21.0.2/lib/dx.jar
b6777000-b679a000 r-xp 00000000 08:06 2501646    /usr/lib/jvm/java-7-oracle/jre/lib/i386/libjava.so
b679a000-b679b000 rw-p 00023000 08:06 2501646    /usr/lib/jvm/java-7-oracle/jre/lib/i386/libjava.so
b679b000-b67a2000 r-xp 00000000 08:06 2622581    /lib/i386-linux-gnu/librt-2.19.so
b67a2000-b67a3000 r--p 00006000 08:06 2622581    /lib/i386-linux-gnu/librt-2.19.so
b67a3000-b67a4000 rw-p 00007000 08:06 2622581    /lib/i386-linux-gnu/librt-2.19.so
b67a4000-b67a7000 ---p 00000000 00:00 0 
b67a7000-b67f5000 rw-p 00000000 00:00 0          [stack:7655]
b67f5000-b6839000 r-xp 00000000 08:06 2622503    /lib/i386-linux-gnu/libm-2.19.so
b6839000-b683a000 r--p 00043000 08:06 2622503    /lib/i386-linux-gnu/libm-2.19.so
b683a000-b683b000 rw-p 00044000 08:06 2622503    /lib/i386-linux-gnu/libm-2.19.so
b683b000-b70be000 r-xp 00000000 08:06 2501632    /usr/lib/jvm/java-7-oracle/jre/lib/i386/server/libjvm.so
b70be000-b7122000 rw-p 00882000 08:06 2501632    /usr/lib/jvm/java-7-oracle/jre/lib/i386/server/libjvm.so
b7122000-b7546000 rw-p 00000000 00:00 0 
b7546000-b76ef000 r-xp 00000000 08:06 2622453    /lib/i386-linux-gnu/libc-2.19.so
b76ef000-b76f1000 r--p 001a9000 08:06 2622453    /lib/i386-linux-gnu/libc-2.19.so
b76f1000-b76f2000 rw-p 001ab000 08:06 2622453    /lib/i386-linux-gnu/libc-2.19.so
b76f2000-b76f5000 rw-p 00000000 00:00 0 
b76f5000-b76f8000 r-xp 00000000 08:06 2622470    /lib/i386-linux-gnu/libdl-2.19.so
b76f8000-b76f9000 r--p 00002000 08:06 2622470    /lib/i386-linux-gnu/libdl-2.19.so
b76f9000-b76fa000 rw-p 00003000 08:06 2622470    /lib/i386-linux-gnu/libdl-2.19.so
b76fa000-b770d000 r-xp 00000000 08:06 2501624    /usr/lib/jvm/java-7-oracle/jre/lib/i386/jli/libjli.so
b770d000-b770e000 rw-p 00012000 08:06 2501624    /usr/lib/jvm/java-7-oracle/jre/lib/i386/jli/libjli.so
b770e000-b770f000 rw-p 00000000 00:00 0 
b770f000-b7727000 r-xp 00000000 08:06 2622573    /lib/i386-linux-gnu/libpthread-2.19.so
b7727000-b7728000 r--p 00017000 08:06 2622573    /lib/i386-linux-gnu/libpthread-2.19.so
b7728000-b7729000 rw-p 00018000 08:06 2622573    /lib/i386-linux-gnu/libpthread-2.19.so
b7729000-b772b000 rw-p 00000000 00:00 0 
b772b000-b7733000 rw-s 00000000 08:06 1716932    /tmp/hsperfdata_john/7639
b7733000-b7734000 rw-p 00000000 00:00 0 
b7734000-b7735000 ---p 00000000 00:00 0 
b7735000-b7740000 r-xp 00000000 08:06 2501595    /usr/lib/jvm/java-7-oracle/jre/lib/i386/libverify.so
b7740000-b7741000 rw-p 0000b000 08:06 2501595    /usr/lib/jvm/java-7-oracle/jre/lib/i386/libverify.so
b7741000-b7743000 rw-p 00000000 00:00 0 
b7743000-b7744000 r-xp 00000000 00:00 0          [vdso]
b7744000-b7764000 r-xp 00000000 08:06 2622429    /lib/i386-linux-gnu/ld-2.19.so
b7764000-b7765000 r--p 0001f000 08:06 2622429    /lib/i386-linux-gnu/ld-2.19.so
b7765000-b7766000 rw-p 00020000 08:06 2622429    /lib/i386-linux-gnu/ld-2.19.so
bfb42000-bfb43000 rwxp 00000000 00:00 0 
bfb75000-bfb96000 rw-p 00000000 00:00 0          [stack]

VM Arguments:
jvm_args: -Xmx1024M 
java_command: /home/john/dev/android-studio/sdk/build-tools/21.0.2/lib/dx.jar --dex --output /home/john/Downloads/AboutState/app/build/intermediates/pre-dexed/debug/classes-ba6c995d85290ff360f4a19f9341c252326d9738.jar /home/john/Downloads/AboutState/app/build/intermediates/exploded-aar/com.google.android.gms/play-services/6.1.11/classes.jar
Launcher Type: SUN_STANDARD

Environment Variables:
CLASSPATH=/home/john/dev/android-studio/bin/../lib/bootstrap.jar:/home/john/dev/android-studio/bin/../lib/extensions.jar:/home/john/dev/android-studio/bin/../lib/util.jar:/home/john/dev/android-studio/bin/../lib/jdom.jar:/home/john/dev/android-studio/bin/../lib/log4j.jar:/home/john/dev/android-studio/bin/../lib/trove4j.jar:/home/john/dev/android-studio/bin/../lib/jna.jar:/usr/lib/jvm/java-7-oracle/lib/tools.jar
PATH=/usr/local/sbin:/usr/local/bin:/usr/sbin:/usr/bin:/sbin:/bin:/usr/games:/usr/local/games
LD_LIBRARY_PATH=/home/john/dev/android-studio/bin:
SHELL=/bin/bash
DISPLAY=:0.0

Signal Handlers:
SIGSEGV: [libjvm.so+0x7e7680], sa_mask[0]=0x7ffbfeff, sa_flags=0x10000004
SIGBUS: [libjvm.so+0x7e7680], sa_mask[0]=0x7ffbfeff, sa_flags=0x10000004
SIGFPE: [libjvm.so+0x6818a0], sa_mask[0]=0x7ffbfeff, sa_flags=0x10000004
SIGPIPE: [libjvm.so+0x6818a0], sa_mask[0]=0x7ffbfeff, sa_flags=0x10000004
SIGXFSZ: [libjvm.so+0x6818a0], sa_mask[0]=0x7ffbfeff, sa_flags=0x10000004
SIGILL: [libjvm.so+0x6818a0], sa_mask[0]=0x7ffbfeff, sa_flags=0x10000004
SIGUSR1: SIG_DFL, sa_mask[0]=0x00000000, sa_flags=0x00000000
SIGUSR2: [libjvm.so+0x6830a0], sa_mask[0]=0x00000004, sa_flags=0x10000004
SIGHUP: [libjvm.so+0x6843a0], sa_mask[0]=0x7ffbfeff, sa_flags=0x10000004
SIGINT: [libjvm.so+0x6843a0], sa_mask[0]=0x7ffbfeff, sa_flags=0x10000004
SIGTERM: [libjvm.so+0x6843a0], sa_mask[0]=0x7ffbfeff, sa_flags=0x10000004
SIGQUIT: [libjvm.so+0x6843a0], sa_mask[0]=0x7ffbfeff, sa_flags=0x10000004


---------------  S Y S T E M  ---------------

OS:jessie/sid

uname:Linux 3.13.0-32-generic #57-Ubuntu SMP Tue Jul 15 03:51:12 UTC 2014 i686
libc:glibc 2.19 NPTL 2.19 
rlimit: STACK 8192k, CORE 0k, NPROC 15668, NOFILE 4096, AS infinity
load average:26,33 12,50 5,57

/proc/meminfo:
MemTotal:        2024724 kB
MemFree:          173656 kB
Buffers:            2128 kB
Cached:           272988 kB
SwapCached:        22320 kB
Active:          1086676 kB
Inactive:         623464 kB
Active(anon):    1084616 kB
Inactive(anon):   581764 kB
Active(file):       2060 kB
Inactive(file):    41700 kB
Unevictable:          32 kB
Mlocked:              32 kB
HighTotal:       1143808 kB
HighFree:          38916 kB
LowTotal:         880916 kB
LowFree:          134740 kB
SwapTotal:        999420 kB
SwapFree:           2468 kB
Dirty:                80 kB
Writeback:             0 kB
AnonPages:       1413044 kB
Mapped:            12064 kB
Shmem:            231360 kB
Slab:              33988 kB
SReclaimable:      14428 kB
SUnreclaim:        19560 kB
KernelStack:        4144 kB
PageTables:        13776 kB
NFS_Unstable:          0 kB
Bounce:                0 kB
WritebackTmp:          0 kB
CommitLimit:     2011780 kB
Committed_AS:    5584400 kB
VmallocTotal:     122880 kB
VmallocUsed:       13864 kB
VmallocChunk:     103368 kB
HardwareCorrupted:     0 kB
AnonHugePages:    440320 kB
HugePages_Total:       0
HugePages_Free:        0
HugePages_Rsvd:        0
HugePages_Surp:        0
Hugepagesize:       2048 kB
DirectMap4k:       26616 kB
DirectMap2M:      886784 kB


CPU:total 2 (2 cores per cpu, 1 threads per core) family 6 model 15 stepping 13, cmov, cx8, fxsr, mmx, sse, sse2, sse3, ssse3, tsc

/proc/cpuinfo:
processor	: 0
vendor_id	: GenuineIntel
cpu family	: 6
model		: 15
model name	: Intel(R) Core(TM)2 Duo CPU     T5750  @ 2.00GHz
stepping	: 13
microcode	: 0xa3
cpu MHz		: 2000.000
cache size	: 2048 KB
physical id	: 0
siblings	: 2
core id		: 0
cpu cores	: 2
apicid		: 0
initial apicid	: 0
fdiv_bug	: no
f00f_bug	: no
coma_bug	: no
fpu		: yes
fpu_exception	: yes
cpuid level	: 10
wp		: yes
flags		: fpu vme de pse tsc msr pae mce cx8 apic sep mtrr pge mca cmov pat pse36 clflush dts acpi mmx fxsr sse sse2 ss ht tm pbe nx lm constant_tsc arch_perfmon pebs bts aperfmperf pni dtes64 monitor ds_cpl est tm2 ssse3 cx16 xtpr pdcm lahf_lm dtherm
bogomips	: 3989.63
clflush size	: 64
cache_alignment	: 64
address sizes	: 36 bits physical, 48 bits virtual
power management:

processor	: 1
vendor_id	: GenuineIntel
cpu family	: 6
model		: 15
model name	: Intel(R) Core(TM)2 Duo CPU     T5750  @ 2.00GHz
stepping	: 13
microcode	: 0xa3
cpu MHz		: 2000.000
cache size	: 2048 KB
physical id	: 0
siblings	: 2
core id		: 1
cpu cores	: 2
apicid		: 1
initial apicid	: 1
fdiv_bug	: no
f00f_bug	: no
coma_bug	: no
fpu		: yes
fpu_exception	: yes
cpuid level	: 10
wp		: yes
flags		: fpu vme de pse tsc msr pae mce cx8 apic sep mtrr pge mca cmov pat pse36 clflush dts acpi mmx fxsr sse sse2 ss ht tm pbe nx lm constant_tsc arch_perfmon pebs bts aperfmperf pni dtes64 monitor ds_cpl est tm2 ssse3 cx16 xtpr pdcm lahf_lm dtherm
bogomips	: 3989.63
clflush size	: 64
cache_alignment	: 64
address sizes	: 36 bits physical, 48 bits virtual
power management:



Memory: 4k page, physical 2024724k(173656k free), swap 999420k(2468k free)

vm_info: Java HotSpot(TM) Server VM (24.65-b04) for linux-x86 JRE (1.7.0_67-b01), built on Jul 25 2014 08:54:54 by "java_re" with gcc 4.3.0 20080428 (Red Hat 4.3.0-8)

time: Sat Nov 29 21:01:45 2014
elapsed time: 173 seconds

