#
# There is insufficient memory for the Java Runtime Environment to continue.
# Native memory allocation (malloc) failed to allocate 84148224 bytes for committing reserved memory.
# Possible reasons:
#   The system is out of physical RAM or swap space
#   In 32 bit mode, the process size limit was hit
# Possible solutions:
#   Reduce memory load on the system
#   Increase physical memory or swap space
#   Check if swap backing store is full
#   Use 64 bit Java on a 64 bit OS
#   Decrease Java heap size (-Xmx/-Xms)
#   Decrease number of Java threads
#   Decrease Java thread stack sizes (-Xss)
#   Set larger code cache with -XX:ReservedCodeCacheSize=
# This output file may be truncated or incomplete.
#
#  Out of Memory Error (os_linux.cpp:2745), pid=6250, tid=1817926464
#
# JRE version: Java(TM) SE Runtime Environment (7.0_67-b01) (build 1.7.0_67-b01)
# Java VM: Java HotSpot(TM) Server VM (24.65-b04 mixed mode linux-x86 )
# Failed to write core dump. Core dumps have been disabled. To enable core dumping, try "ulimit -c unlimited" before starting Java again
#

---------------  T H R E A D  ---------------

Current thread (0x6c410400):  VMThread [stack: 0x6c535000,0x6c5b6000] [id=6272]

Stack: [0x6c535000,0x6c5b6000],  sp=0x6c5b4ae0,  free space=510k
Native frames: (J=compiled Java code, j=interpreted, Vv=VM code, C=native code)
V  [libjvm.so+0x7e6b76]  VMError::report_and_die()+0x1a6
V  [libjvm.so+0x33d852]  report_vm_out_of_memory(char const*, int, unsigned int, char const*)+0x72
V  [libjvm.so+0x684cf1]  os::Linux::commit_memory_impl(char*, unsigned int, bool)+0xe1
V  [libjvm.so+0x6851b8]  os::pd_commit_memory(char*, unsigned int, unsigned int, bool)+0x28
V  [libjvm.so+0x67e92c]  os::commit_memory(char*, unsigned int, unsigned int, bool)+0x2c
V  [libjvm.so+0x6e8518]  PSVirtualSpace::expand_by(unsigned int)+0x48
V  [libjvm.so+0x6da961]  PSOldGen::expand(unsigned int)+0x141
V  [libjvm.so+0x6daa2f]  PSOldGen::resize(unsigned int)+0x8f
V  [libjvm.so+0x6e1636]  PSParallelCompact::invoke_no_policy(bool)+0x8b6
V  [libjvm.so+0x6e6c2d]  PSScavenge::invoke()+0x16d
V  [libjvm.so+0x6a491a]  ParallelScavengeHeap::failed_mem_allocate(unsigned int)+0x5a
V  [libjvm.so+0x7e840a]  VM_ParallelGCFailedAllocation::doit()+0x7a
V  [libjvm.so+0x7f1227]  VM_Operation::evaluate()+0x47
V  [libjvm.so+0x7ef2c3]  VMThread::evaluate_operation(VM_Operation*)+0xb3
V  [libjvm.so+0x7ef660]  VMThread::loop()+0x1b0
V  [libjvm.so+0x7efac5]  VMThread::run()+0x85
V  [libjvm.so+0x686fc9]  java_start(Thread*)+0x119
C  [libpthread.so.0+0x6f70]  start_thread+0xd0

VM_Operation (0xb67efa04): ParallelGCFailedAllocation, mode: safepoint, requested by thread 0xb6607800


---------------  P R O C E S S  ---------------

Java Threads: ( => current thread )
  0x6c429800 JavaThread "Service Thread" daemon [_thread_blocked, id=6283, stack(0x6be4f000,0x6bea0000)]
  0x6c427800 JavaThread "C2 CompilerThread1" daemon [_thread_blocked, id=6282, stack(0x6bea0000,0x6bf21000)]
  0x6c425800 JavaThread "C2 CompilerThread0" daemon [_thread_blocked, id=6280, stack(0x6bf21000,0x6bfa2000)]
  0x6c424000 JavaThread "Signal Dispatcher" daemon [_thread_blocked, id=6278, stack(0x6bfa2000,0x6bff3000)]
  0x6c414400 JavaThread "Finalizer" daemon [_thread_blocked, id=6276, stack(0x6c35e000,0x6c3af000)]
  0x6c412c00 JavaThread "Reference Handler" daemon [_thread_blocked, id=6275, stack(0x6c3af000,0x6c400000)]
  0xb6607800 JavaThread "main" [_thread_blocked, id=6267, stack(0xb67a0000,0xb67f1000)]

Other Threads:
=>0x6c410400 VMThread [stack: 0x6c535000,0x6c5b6000] [id=6272]
  0x6c42b800 WatcherThread [stack: 0x6bdce000,0x6be4f000] [id=6286]

VM state:at safepoint (normal execution)

VM Mutex/Monitor currently owned by a thread:  ([mutex/lock_event])
[0xb66049c8] ExpandHeap_lock - owner thread: 0x6c410400
[0xb6604f10] Threads_lock - owner thread: 0x6c410400
[0xb6605320] Heap_lock - owner thread: 0xb6607800

Heap
 PSYoungGen      total 233216K, used 28899K [0x9dfc0000, 0xb3040000, 0xb3540000)
  eden space 130048K, 0% used [0x9dfc0000,0x9dfc0000,0xa5ec0000)
  from space 103168K, 28% used [0xacb80000,0xae7b8df8,0xb3040000)
  to   space 107264K, 0% used [0xa5ec0000,0xa5ec0000,0xac780000)
 ParOldGen       total 203520K, used 203269K [0x73540000, 0x7fc00000, 0x9dfc0000)
  object space 203520K, 99% used [0x73540000,0x7fbc1750,0x7fc00000)
 PSPermGen       total 16384K, used 3813K [0x6f540000, 0x70540000, 0x73540000)
  object space 16384K, 23% used [0x6f540000,0x6f8f9590,0x70540000)

Card table byte_map: [0x6f31f000,0x6f540000] byte_map_base: 0x6efa4600

Polling page: 0xb7730000

Code Cache  [0xb3600000, 0xb3960000, 0xb6600000)
 total_blobs=1127 nmethods=1008 adapters=73 free_code_cache=45839Kb largest_free_block=46811648

Compilation events (10 events):
Event: 55,679 Thread 0x6c425800 nmethod 1173 0xb3956188 code [0xb3956300, 0xb3956924]
Event: 55,697 Thread 0x6c427800 nmethod 1172 0xb383f2c8 code [0xb383f760, 0xb384132c]
Event: 55,739 Thread 0x6c425800 1174             com.android.dx.cf.direct.MemberListParser::parseIfNecessary (12 bytes)
Event: 55,740 Thread 0x6c425800 nmethod 1174 0xb393a388 code [0xb393a480, 0xb393a4dc]
Event: 55,746 Thread 0x6c425800 1175             sun.util.calendar.BaseCalendar::isLeapYear (5 bytes)
Event: 55,747 Thread 0x6c427800 1176             sun.util.calendar.CalendarDate::getYear (5 bytes)
Event: 55,748 Thread 0x6c427800 nmethod 1176 0xb3944448 code [0xb3944520, 0xb3944570]
Event: 55,748 Thread 0x6c427800 1177             sun.util.calendar.CalendarDate::getZone (5 bytes)
Event: 55,748 Thread 0x6c427800 nmethod 1177 0xb3956008 code [0xb39560e0, 0xb3956130]
Event: 55,748 Thread 0x6c427800 1178             sun.util.calendar.CalendarUtils::isGregorianLeapYear (27 bytes)

GC Heap History (10 events):
Event: 47,673 GC heap after
Heap after GC invocations=35 (full 6):
 PSYoungGen      total 241920K, used 80625K [0x9dfc0000, 0xb3540000, 0xb3540000)
  eden space 152320K, 0% used [0x9dfc0000,0x9dfc0000,0xa7480000)
  from space 89600K, 89% used [0xa7480000,0xac33c450,0xacc00000)
  to   space 100864K, 0% used [0xad2c0000,0xad2c0000,0xb3540000)
 ParOldGen       total 131328K, used 96337K [0x73540000, 0x7b580000, 0x9dfc0000)
  object space 131328K, 73% used [0x73540000,0x79354720,0x7b580000)
 PSPermGen       total 16384K, used 3799K [0x6f540000, 0x70540000, 0x73540000)
  object space 16384K, 23% used [0x6f540000,0x6f8f5ee8,0x70540000)
}
Event: 49,362 GC heap before
{Heap before GC invocations=36 (full 6):
 PSYoungGen      total 241920K, used 232945K [0x9dfc0000, 0xb3540000, 0xb3540000)
  eden space 152320K, 100% used [0x9dfc0000,0xa7480000,0xa7480000)
  from space 89600K, 89% used [0xa7480000,0xac33c450,0xacc00000)
  to   space 100864K, 0% used [0xad2c0000,0xad2c0000,0xb3540000)
 ParOldGen       total 131328K, used 96337K [0x73540000, 0x7b580000, 0x9dfc0000)
  object space 131328K, 73% used [0x73540000,0x79354720,0x7b580000)
 PSPermGen       total 16384K, used 3811K [0x6f540000, 0x70540000, 0x73540000)
  object space 16384K, 23% used [0x6f540000,0x6f8f8c48,0x70540000)
Event: 49,740 GC heap after
Heap after GC invocations=36 (full 6):
 PSYoungGen      total 227840K, used 85173K [0x9dfc0000, 0xb3540000, 0xb3540000)
  eden space 126976K, 0% used [0x9dfc0000,0x9dfc0000,0xa5bc0000)
  from space 100864K, 84% used [0xad2c0000,0xb25ed668,0xb3540000)
  to   space 111360K, 0% used [0xa5bc0000,0xa5bc0000,0xac880000)
 ParOldGen       total 131328K, used 114097K [0x73540000, 0x7b580000, 0x9dfc0000)
  object space 131328K, 86% used [0x73540000,0x7a4ac590,0x7b580000)
 PSPermGen       total 16384K, used 3811K [0x6f540000, 0x70540000, 0x73540000)
  object space 16384K, 23% used [0x6f540000,0x6f8f8c48,0x70540000)
}
Event: 49,740 GC heap before
{Heap before GC invocations=37 (full 7):
 PSYoungGen      total 227840K, used 85173K [0x9dfc0000, 0xb3540000, 0xb3540000)
  eden space 126976K, 0% used [0x9dfc0000,0x9dfc0000,0xa5bc0000)
  from space 100864K, 84% used [0xad2c0000,0xb25ed668,0xb3540000)
  to   space 111360K, 0% used [0xa5bc0000,0xa5bc0000,0xac880000)
 ParOldGen       total 131328K, used 114097K [0x73540000, 0x7b580000, 0x9dfc0000)
  object space 131328K, 86% used [0x73540000,0x7a4ac590,0x7b580000)
 PSPermGen       total 16384K, used 3811K [0x6f540000, 0x70540000, 0x73540000)
  object space 16384K, 23% used [0x6f540000,0x6f8f8c48,0x70540000)
Event: 52,013 GC heap after
Heap after GC invocations=37 (full 7):
 PSYoungGen      total 227840K, used 61418K [0x9dfc0000, 0xb3540000, 0xb3540000)
  eden space 126976K, 0% used [0x9dfc0000,0x9dfc0000,0xa5bc0000)
  from space 100864K, 60% used [0xad2c0000,0xb0ebabd8,0xb3540000)
  to   space 111360K, 0% used [0xa5bc0000,0xa5bc0000,0xac880000)
 ParOldGen       total 203520K, used 131262K [0x73540000, 0x7fc00000, 0x9dfc0000)
  object space 203520K, 64% used [0x73540000,0x7b56f878,0x7fc00000)
 PSPermGen       total 16384K, used 3809K [0x6f540000, 0x70540000, 0x73540000)
  object space 16384K, 23% used [0x6f540000,0x6f8f84a8,0x70540000)
}
Event: 54,705 GC heap before
{Heap before GC invocations=38 (full 7):
 PSYoungGen      total 227840K, used 188394K [0x9dfc0000, 0xb3540000, 0xb3540000)
  eden space 126976K, 100% used [0x9dfc0000,0xa5bc0000,0xa5bc0000)
  from space 100864K, 60% used [0xad2c0000,0xb0ebabd8,0xb3540000)
  to   space 111360K, 0% used [0xa5bc0000,0xa5bc0000,0xac880000)
 ParOldGen       total 203520K, used 131262K [0x73540000, 0x7fc00000, 0x9dfc0000)
  object space 203520K, 64% used [0x73540000,0x7b56f878,0x7fc00000)
 PSPermGen       total 16384K, used 3811K [0x6f540000, 0x70540000, 0x73540000)
  object space 16384K, 23% used [0x6f540000,0x6f8f8fd8,0x70540000)
Event: 55,106 GC heap after
Heap after GC invocations=38 (full 7):
 PSYoungGen      total 238336K, used 53761K [0x9dfc0000, 0xb3540000, 0xb3540000)
  eden space 126976K, 0% used [0x9dfc0000,0x9dfc0000,0xa5bc0000)
  from space 111360K, 48% used [0xa5bc0000,0xa9040460,0xac880000)
  to   space 108288K, 0% used [0xacb80000,0xacb80000,0xb3540000)
 ParOldGen       total 203520K, used 158559K [0x73540000, 0x7fc00000, 0x9dfc0000)
  object space 203520K, 77% used [0x73540000,0x7d017f10,0x7fc00000)
 PSPermGen       total 16384K, used 3811K [0x6f540000, 0x70540000, 0x73540000)
  object space 16384K, 23% used [0x6f540000,0x6f8f8fd8,0x70540000)
}
Event: 55,757 GC heap before
{Heap before GC invocations=39 (full 7):
 PSYoungGen      total 238336K, used 180737K [0x9dfc0000, 0xb3540000, 0xb3540000)
  eden space 126976K, 100% used [0x9dfc0000,0xa5bc0000,0xa5bc0000)
  from space 111360K, 48% used [0xa5bc0000,0xa9040460,0xac880000)
  to   space 108288K, 0% used [0xacb80000,0xacb80000,0xb3540000)
 ParOldGen       total 203520K, used 158559K [0x73540000, 0x7fc00000, 0x9dfc0000)
  object space 203520K, 77% used [0x73540000,0x7d017f10,0x7fc00000)
 PSPermGen       total 16384K, used 3813K [0x6f540000, 0x70540000, 0x73540000)
  object space 16384K, 23% used [0x6f540000,0x6f8f9650,0x70540000)
Event: 56,021 GC heap after
Heap after GC invocations=39 (full 7):
 PSYoungGen      total 233216K, used 60085K [0x9dfc0000, 0xb3040000, 0xb3540000)
  eden space 130048K, 0% used [0x9dfc0000,0x9dfc0000,0xa5ec0000)
  from space 103168K, 58% used [0xacb80000,0xb062d558,0xb3040000)
  to   space 107264K, 0% used [0xa5ec0000,0xa5ec0000,0xac780000)
 ParOldGen       total 203520K, used 173197K [0x73540000, 0x7fc00000, 0x9dfc0000)
  object space 203520K, 85% used [0x73540000,0x7de63750,0x7fc00000)
 PSPermGen       total 16384K, used 3813K [0x6f540000, 0x70540000, 0x73540000)
  object space 16384K, 23% used [0x6f540000,0x6f8f9650,0x70540000)
}
Event: 56,021 GC heap before
{Heap before GC invocations=40 (full 8):
 PSYoungGen      total 233216K, used 60085K [0x9dfc0000, 0xb3040000, 0xb3540000)
  eden space 130048K, 0% used [0x9dfc0000,0x9dfc0000,0xa5ec0000)
  from space 103168K, 58% used [0xacb80000,0xb062d558,0xb3040000)
  to   space 107264K, 0% used [0xa5ec0000,0xa5ec0000,0xac780000)
 ParOldGen       total 203520K, used 173197K [0x73540000, 0x7fc00000, 0x9dfc0000)
  object space 203520K, 85% used [0x73540000,0x7de63750,0x7fc00000)
 PSPermGen       total 16384K, used 3813K [0x6f540000, 0x70540000, 0x73540000)
  object space 16384K, 23% used [0x6f540000,0x6f8f9650,0x70540000)

Deoptimization events (10 events):
Event: 48,734 Thread 0xb6607800 Uncommon trap: reason=unreached action=reinterpret pc=0xb36fe074 method=com.android.dx.ssa.SsaRenamer.equalsHandlesNulls(Ljava/lang/Object;Ljava/lang/Object;)Z @ 2
Event: 48,752 Thread 0xb6607800 Uncommon trap: reason=unreached action=reinterpret pc=0xb388a990 method=com.android.dx.ssa.SsaRenamer$BlockRenamer.visitMoveInsn(Lcom/android/dx/ssa/NormalSsaInsn;)V @ 64
Event: 52,072 Thread 0xb6607800 Uncommon trap: reason=bimorphic action=maybe_recompile pc=0xb38eaa20 method=com.android.dx.cf.code.RopperMachine.run(Lcom/android/dx/cf/code/Frame;II)V @ 988
Event: 53,474 Thread 0xb6607800 Uncommon trap: reason=bimorphic action=maybe_recompile pc=0xb38eaa20 method=com.android.dx.cf.code.RopperMachine.run(Lcom/android/dx/cf/code/Frame;II)V @ 988
Event: 53,481 Thread 0xb6607800 Uncommon trap: reason=bimorphic action=maybe_recompile pc=0xb38eaa20 method=com.android.dx.cf.code.RopperMachine.run(Lcom/android/dx/cf/code/Frame;II)V @ 988
Event: 54,012 Thread 0xb6607800 Uncommon trap: reason=bimorphic action=maybe_recompile pc=0xb38eaa20 method=com.android.dx.cf.code.RopperMachine.run(Lcom/android/dx/cf/code/Frame;II)V @ 988
Event: 54,285 Thread 0xb6607800 Uncommon trap: reason=range_check action=make_not_entrant pc=0xb3959110 method=java.util.DualPivotQuicksort.sort([IIIZ)V @ 56
Event: 54,307 Thread 0xb6607800 Uncommon trap: reason=unreached action=reinterpret pc=0xb37d06d8 method=com.android.dx.ssa.NormalSsaInsn.getLocalAssignment()Lcom/android/dx/rop/code/RegisterSpec; @ 47
Event: 54,328 Thread 0xb6607800 Uncommon trap: reason=null_check action=make_not_entrant pc=0xb3901ee0 method=com.android.dx.cf.direct.StdAttributeFactory.enclosingMethod(Lcom/android/dx/cf/direct/DirectClassFile;IILcom/android/dx/cf/iface/ParseObserver;)Lcom/android/dx/cf/iface/Attribu
Event: 55,117 Thread 0xb6607800 Uncommon trap: reason=unreached action=reinterpret pc=0xb3780540 method=com.android.dx.dex.file.DexFile.internIfAppropriate(Lcom/android/dx/rop/cst/Constant;)V @ 92

Internal exceptions (10 events):
Event: 38,558 Thread 0xb6607800 Implicit null exception at 0xb3838948 to 0xb383c2a9
Event: 39,153 Thread 0xb6607800 Threw 0x9f43b718 at /HUDSON/workspace/7u-2-build-linux-i586/jdk7u67/1368/hotspot/src/share/vm/prims/jvm.cpp:1244
Event: 39,615 Thread 0xb6607800 Implicit null exception at 0xb38704b0 to 0xb3870a11
Event: 41,910 Thread 0xb6607800 Implicit null exception at 0xb38bae42 to 0xb38be1c5
Event: 42,134 Thread 0xb6607800 Implicit null exception at 0xb373a7d4 to 0xb373c515
Event: 43,195 Thread 0xb6607800 Implicit null exception at 0xb3860340 to 0xb386183d
Event: 43,199 Thread 0xb6607800 Implicit null exception at 0xb3875657 to 0xb3875f61
Event: 44,794 Thread 0xb6607800 Threw 0x9e4be1e0 at /HUDSON/workspace/7u-2-build-linux-i586/jdk7u67/1368/hotspot/src/share/vm/prims/jvm.cpp:1244
Event: 53,602 Thread 0xb6607800 Threw 0xa00f1bc0 at /HUDSON/workspace/7u-2-build-linux-i586/jdk7u67/1368/hotspot/src/share/vm/prims/jvm.cpp:1244
Event: 54,328 Thread 0xb6607800 Implicit null exception at 0xb390121a to 0xb3901ed5

Events (10 events):
Event: 54,329 Thread 0xb6607800 DEOPT PACKING pc=0xb3901ee0 sp=0xb67efb90
Event: 54,329 Thread 0xb6607800 DEOPT UNPACKING pc=0xb362cbc8 sp=0xb67efb24 mode 2
Event: 54,705 Executing VM operation: ParallelGCFailedAllocation
Event: 55,106 Executing VM operation: ParallelGCFailedAllocation done
Event: 55,117 Thread 0xb6607800 Uncommon trap: trap_request=0xffffffad fr.pc=0xb3780540
Event: 55,117 Thread 0xb6607800 DEOPT PACKING pc=0xb3780540 sp=0xb67efad0
Event: 55,117 Thread 0xb6607800 DEOPT UNPACKING pc=0xb362cbc8 sp=0xb67efaa0 mode 2
Event: 55,156 Thread 0x6c427800 flushing nmethod 0xb3683388
Event: 55,505 Thread 0x6c425800 flushing nmethod 0xb37ac888
Event: 55,757 Executing VM operation: ParallelGCFailedAllocation


Dynamic libraries:
08048000-08049000 r-xp 00000000 08:06 2501514    /usr/lib/jvm/java-7-oracle/jre/bin/java
08049000-0804a000 rw-p 00000000 08:06 2501514    /usr/lib/jvm/java-7-oracle/jre/bin/java
087c4000-09050000 rw-p 00000000 00:00 0          [heap]
6a700000-6a7f8000 rw-p 00000000 00:00 0 
6a7f8000-6a800000 ---p 00000000 00:00 0 
6a800000-6a85b000 rw-p 00000000 00:00 0 
6a85b000-6a900000 ---p 00000000 00:00 0 
6a900000-6aa00000 rw-p 00000000 00:00 0 
6ac00000-6adfe000 rw-p 00000000 00:00 0 
6adfe000-6ae00000 ---p 00000000 00:00 0 
6ae00000-6aefc000 rw-p 00000000 00:00 0 
6aefc000-6af00000 ---p 00000000 00:00 0 
6af00000-6b000000 rw-p 00000000 00:00 0 
6b000000-6b0ff000 rw-p 00000000 00:00 0 
6b0ff000-6b100000 ---p 00000000 00:00 0 
6b200000-6b2ff000 rw-p 00000000 00:00 0 
6b2ff000-6b300000 ---p 00000000 00:00 0 
6b400000-6b4fb000 rw-p 00000000 00:00 0 
6b4fb000-6b500000 ---p 00000000 00:00 0 
6b600000-6b6fe000 rw-p 00000000 00:00 0 
6b6fe000-6b700000 ---p 00000000 00:00 0 
6b800000-6b8fc000 rw-p 00000000 00:00 0 
6b8fc000-6b900000 ---p 00000000 00:00 0 
6ba00000-6baf9000 rw-p 00000000 00:00 0 
6baf9000-6bb00000 ---p 00000000 00:00 0 
6bb00000-6bc00000 rw-p 00000000 00:00 0 
6bc00000-6bc52000 rw-p 00000000 00:00 0 
6bc52000-6bd00000 ---p 00000000 00:00 0 
6bd7e000-6bdce000 r--s 002f0000 08:06 2905204    /home/john/Downloads/AboutState/app/build/intermediates/exploded-aar/com.google.android.gms/play-services/6.1.11/classes.jar
6bdce000-6bdcf000 ---p 00000000 00:00 0 
6bdcf000-6be4f000 rw-p 00000000 00:00 0          [stack:6286]
6be4f000-6be52000 ---p 00000000 00:00 0 
6be52000-6bea0000 rw-p 00000000 00:00 0          [stack:6283]
6bea0000-6bea3000 ---p 00000000 00:00 0 
6bea3000-6bf21000 rw-p 00000000 00:00 0          [stack:6282]
6bf21000-6bf24000 ---p 00000000 00:00 0 
6bf24000-6bfa2000 rw-p 00000000 00:00 0          [stack:6280]
6bfa2000-6bfa5000 ---p 00000000 00:00 0 
6bfa5000-6bff3000 rw-p 00000000 00:00 0          [stack:6278]
6bff3000-6c15e000 r--p 00858000 08:06 2368045    /usr/lib/locale/locale-archive
6c15e000-6c35e000 r--p 00000000 08:06 2368045    /usr/lib/locale/locale-archive
6c35e000-6c361000 ---p 00000000 00:00 0 
6c361000-6c3af000 rw-p 00000000 00:00 0          [stack:6276]
6c3af000-6c3b2000 ---p 00000000 00:00 0 
6c3b2000-6c400000 rw-p 00000000 00:00 0          [stack:6275]
6c400000-6c4fe000 rw-p 00000000 00:00 0 
6c4fe000-6c500000 ---p 00000000 00:00 0 
6c51f000-6c534000 r-xp 00000000 08:06 2501618    /usr/lib/jvm/java-7-oracle/jre/lib/i386/libnet.so
6c534000-6c535000 rw-p 00014000 08:06 2501618    /usr/lib/jvm/java-7-oracle/jre/lib/i386/libnet.so
6c535000-6c536000 ---p 00000000 00:00 0 
6c536000-6c601000 rw-p 00000000 00:00 0          [stack:6272]
6c601000-6c7c0000 r--s 039e5000 08:06 2502273    /usr/lib/jvm/java-7-oracle/jre/lib/rt.jar
6c7c0000-6ee00000 rw-p 00000000 00:00 0 
6ee00000-6eefe000 rw-p 00000000 00:00 0 
6eefe000-6ef00000 ---p 00000000 00:00 0 
6ef15000-6ef23000 r-xp 00000000 08:06 2501643    /usr/lib/jvm/java-7-oracle/jre/lib/i386/libnio.so
6ef23000-6ef24000 rw-p 0000e000 08:06 2501643    /usr/lib/jvm/java-7-oracle/jre/lib/i386/libnio.so
6ef24000-6ef7f000 rw-p 00000000 00:00 0 
6ef7f000-6ef80000 ---p 00000000 00:00 0 
6ef80000-6f000000 rw-p 00000000 00:00 0          [stack:6271]
6f000000-6f021000 rw-p 00000000 00:00 0 
6f021000-6f100000 ---p 00000000 00:00 0 
6f10e000-6f128000 rw-p 00000000 00:00 0 
6f128000-6f129000 ---p 00000000 00:00 0 
6f129000-6f1b1000 rw-p 00000000 00:00 0          [stack:6268]
6f1b1000-6f1c9000 rw-p 00000000 00:00 0 
6f1c9000-6f22d000 rw-p 00000000 00:00 0 
6f22d000-6f31f000 rw-p 00000000 00:00 0 
6f31f000-6f327000 rw-p 00000000 00:00 0 
6f327000-6f33f000 rw-p 00000000 00:00 0 
6f33f000-6f3a3000 rw-p 00000000 00:00 0 
6f3a3000-6f494000 rw-p 00000000 00:00 0 
6f494000-6f53d000 rw-p 00000000 00:00 0 
6f53d000-6f53f000 ---p 00000000 00:00 0 
6f53f000-70540000 rw-p 00000000 00:00 0 
70540000-73540000 rw-p 00000000 00:00 0 
73540000-7fc00000 rw-p 00000000 00:00 0 
849f5000-84c10000 rw-p 00000000 00:00 0 
84c10000-84c40000 r--p 00000000 08:06 3031098    /usr/share/locale-langpack/uk/LC_MESSAGES/libc.mo
84c40000-9dfc0000 rw-p 00000000 00:00 0 
9dfc0000-b3040000 rw-p 00000000 00:00 0 
b3040000-b3540000 ---p 00000000 00:00 0 
b3540000-b354e000 rw-p 00000000 00:00 0 
b354e000-b3600000 rw-p 00000000 00:00 0 
b3600000-b3960000 rwxp 00000000 00:00 0 
b3960000-b66f3000 rw-p 00000000 00:00 0 
b66f3000-b6700000 ---p 00000000 00:00 0 
b6709000-b670a000 rw-p 00000000 00:00 0 
b670a000-b6721000 r-xp 00000000 08:06 2501650    /usr/lib/jvm/java-7-oracle/jre/lib/i386/libzip.so
b6721000-b6722000 rw-p 00017000 08:06 2501650    /usr/lib/jvm/java-7-oracle/jre/lib/i386/libzip.so
b6722000-b672d000 r-xp 00000000 08:06 2622528    /lib/i386-linux-gnu/libnss_files-2.19.so
b672d000-b672e000 r--p 0000a000 08:06 2622528    /lib/i386-linux-gnu/libnss_files-2.19.so
b672e000-b672f000 rw-p 0000b000 08:06 2622528    /lib/i386-linux-gnu/libnss_files-2.19.so
b672f000-b6739000 r-xp 00000000 08:06 2622538    /lib/i386-linux-gnu/libnss_nis-2.19.so
b6739000-b673a000 r--p 00009000 08:06 2622538    /lib/i386-linux-gnu/libnss_nis-2.19.so
b673a000-b673b000 rw-p 0000a000 08:06 2622538    /lib/i386-linux-gnu/libnss_nis-2.19.so
b673b000-b6750000 r-xp 00000000 08:06 2622522    /lib/i386-linux-gnu/libnsl-2.19.so
b6750000-b6751000 r--p 00015000 08:06 2622522    /lib/i386-linux-gnu/libnsl-2.19.so
b6751000-b6752000 rw-p 00016000 08:06 2622522    /lib/i386-linux-gnu/libnsl-2.19.so
b6752000-b6754000 rw-p 00000000 00:00 0 
b6754000-b675b000 r-xp 00000000 08:06 2622524    /lib/i386-linux-gnu/libnss_compat-2.19.so
b675b000-b675c000 r--p 00006000 08:06 2622524    /lib/i386-linux-gnu/libnss_compat-2.19.so
b675c000-b675d000 rw-p 00007000 08:06 2622524    /lib/i386-linux-gnu/libnss_compat-2.19.so
b675d000-b675e000 rw-p 00000000 00:00 0 
b675e000-b6765000 r--s 00000000 08:06 2366449    /usr/lib/i386-linux-gnu/gconv/gconv-modules.cache
b6765000-b6773000 r--s 000dc000 08:06 3035076    /home/john/dev/android-studio/sdk/build-tools/21.0.2/lib/dx.jar
b6773000-b6796000 r-xp 00000000 08:06 2501646    /usr/lib/jvm/java-7-oracle/jre/lib/i386/libjava.so
b6796000-b6797000 rw-p 00023000 08:06 2501646    /usr/lib/jvm/java-7-oracle/jre/lib/i386/libjava.so
b6797000-b679e000 r-xp 00000000 08:06 2622581    /lib/i386-linux-gnu/librt-2.19.so
b679e000-b679f000 r--p 00006000 08:06 2622581    /lib/i386-linux-gnu/librt-2.19.so
b679f000-b67a0000 rw-p 00007000 08:06 2622581    /lib/i386-linux-gnu/librt-2.19.so
b67a0000-b67a3000 ---p 00000000 00:00 0 
b67a3000-b67f1000 rw-p 00000000 00:00 0          [stack:6267]
b67f1000-b6835000 r-xp 00000000 08:06 2622503    /lib/i386-linux-gnu/libm-2.19.so
b6835000-b6836000 r--p 00043000 08:06 2622503    /lib/i386-linux-gnu/libm-2.19.so
b6836000-b6837000 rw-p 00044000 08:06 2622503    /lib/i386-linux-gnu/libm-2.19.so
b6837000-b70ba000 r-xp 00000000 08:06 2501632    /usr/lib/jvm/java-7-oracle/jre/lib/i386/server/libjvm.so
b70ba000-b711e000 rw-p 00882000 08:06 2501632    /usr/lib/jvm/java-7-oracle/jre/lib/i386/server/libjvm.so
b711e000-b7542000 rw-p 00000000 00:00 0 
b7542000-b76eb000 r-xp 00000000 08:06 2622453    /lib/i386-linux-gnu/libc-2.19.so
b76eb000-b76ed000 r--p 001a9000 08:06 2622453    /lib/i386-linux-gnu/libc-2.19.so
b76ed000-b76ee000 rw-p 001ab000 08:06 2622453    /lib/i386-linux-gnu/libc-2.19.so
b76ee000-b76f1000 rw-p 00000000 00:00 0 
b76f1000-b76f4000 r-xp 00000000 08:06 2622470    /lib/i386-linux-gnu/libdl-2.19.so
b76f4000-b76f5000 r--p 00002000 08:06 2622470    /lib/i386-linux-gnu/libdl-2.19.so
b76f5000-b76f6000 rw-p 00003000 08:06 2622470    /lib/i386-linux-gnu/libdl-2.19.so
b76f6000-b7709000 r-xp 00000000 08:06 2501624    /usr/lib/jvm/java-7-oracle/jre/lib/i386/jli/libjli.so
b7709000-b770a000 rw-p 00012000 08:06 2501624    /usr/lib/jvm/java-7-oracle/jre/lib/i386/jli/libjli.so
b770a000-b770b000 rw-p 00000000 00:00 0 
b770b000-b7723000 r-xp 00000000 08:06 2622573    /lib/i386-linux-gnu/libpthread-2.19.so
b7723000-b7724000 r--p 00017000 08:06 2622573    /lib/i386-linux-gnu/libpthread-2.19.so
b7724000-b7725000 rw-p 00018000 08:06 2622573    /lib/i386-linux-gnu/libpthread-2.19.so
b7725000-b7727000 rw-p 00000000 00:00 0 
b7727000-b772f000 rw-s 00000000 08:06 1712869    /tmp/hsperfdata_john/6250
b772f000-b7730000 rw-p 00000000 00:00 0 
b7730000-b7731000 ---p 00000000 00:00 0 
b7731000-b773c000 r-xp 00000000 08:06 2501595    /usr/lib/jvm/java-7-oracle/jre/lib/i386/libverify.so
b773c000-b773d000 rw-p 0000b000 08:06 2501595    /usr/lib/jvm/java-7-oracle/jre/lib/i386/libverify.so
b773d000-b773f000 rw-p 00000000 00:00 0 
b773f000-b7740000 r-xp 00000000 00:00 0          [vdso]
b7740000-b7760000 r-xp 00000000 08:06 2622429    /lib/i386-linux-gnu/ld-2.19.so
b7760000-b7761000 r--p 0001f000 08:06 2622429    /lib/i386-linux-gnu/ld-2.19.so
b7761000-b7762000 rw-p 00020000 08:06 2622429    /lib/i386-linux-gnu/ld-2.19.so
bfd30000-bfd31000 rwxp 00000000 00:00 0 
bfd63000-bfd84000 rw-p 00000000 00:00 0          [stack]

VM Arguments:
jvm_args: -Xmx1024M 
java_command: /home/john/dev/android-studio/sdk/build-tools/21.0.2/lib/dx.jar --dex --output /home/john/Downloads/AboutState/app/build/intermediates/pre-dexed/debug/classes-ba6c995d85290ff360f4a19f9341c252326d9738.jar /home/john/Downloads/AboutState/app/build/intermediates/exploded-aar/com.google.android.gms/play-services/6.1.11/classes.jar
Launcher Type: SUN_STANDARD

Environment Variables:
CLASSPATH=/home/john/dev/android-studio/bin/../lib/bootstrap.jar:/home/john/dev/android-studio/bin/../lib/extensions.jar:/home/john/dev/android-studio/bin/../lib/util.jar:/home/john/dev/android-studio/bin/../lib/jdom.jar:/home/john/dev/android-studio/bin/../lib/log4j.jar:/home/john/dev/android-studio/bin/../lib/trove4j.jar:/home/john/dev/android-studio/bin/../lib/jna.jar:/usr/lib/jvm/java-7-oracle/lib/tools.jar
PATH=/usr/local/sbin:/usr/local/bin:/usr/sbin:/usr/bin:/sbin:/bin:/usr/games:/usr/local/games
LD_LIBRARY_PATH=/home/john/dev/android-studio/bin:
SHELL=/bin/bash
DISPLAY=:0.0

Signal Handlers:
SIGSEGV: [libjvm.so+0x7e7680], sa_mask[0]=0x7ffbfeff, sa_flags=0x10000004
SIGBUS: [libjvm.so+0x7e7680], sa_mask[0]=0x7ffbfeff, sa_flags=0x10000004
SIGFPE: [libjvm.so+0x6818a0], sa_mask[0]=0x7ffbfeff, sa_flags=0x10000004
SIGPIPE: [libjvm.so+0x6818a0], sa_mask[0]=0x7ffbfeff, sa_flags=0x10000004
SIGXFSZ: [libjvm.so+0x6818a0], sa_mask[0]=0x7ffbfeff, sa_flags=0x10000004
SIGILL: [libjvm.so+0x6818a0], sa_mask[0]=0x7ffbfeff, sa_flags=0x10000004
SIGUSR1: SIG_DFL, sa_mask[0]=0x00000000, sa_flags=0x00000000
SIGUSR2: [libjvm.so+0x6830a0], sa_mask[0]=0x00000004, sa_flags=0x10000004
SIGHUP: [libjvm.so+0x6843a0], sa_mask[0]=0x7ffbfeff, sa_flags=0x10000004
SIGINT: [libjvm.so+0x6843a0], sa_mask[0]=0x7ffbfeff, sa_flags=0x10000004
SIGTERM: [libjvm.so+0x6843a0], sa_mask[0]=0x7ffbfeff, sa_flags=0x10000004
SIGQUIT: [libjvm.so+0x6843a0], sa_mask[0]=0x7ffbfeff, sa_flags=0x10000004


---------------  S Y S T E M  ---------------

OS:jessie/sid

uname:Linux 3.13.0-32-generic #57-Ubuntu SMP Tue Jul 15 03:51:12 UTC 2014 i686
libc:glibc 2.19 NPTL 2.19 
rlimit: STACK 8192k, CORE 0k, NPROC 15668, NOFILE 4096, AS infinity
load average:5,32 2,05 1,02

/proc/meminfo:
MemTotal:        2024724 kB
MemFree:          114364 kB
Buffers:             452 kB
Cached:           345752 kB
SwapCached:        11660 kB
Active:          1177228 kB
Inactive:         651884 kB
Active(anon):    1168512 kB
Inactive(anon):   634424 kB
Active(file):       8716 kB
Inactive(file):    17460 kB
Unevictable:          48 kB
Mlocked:              48 kB
HighTotal:       1143808 kB
HighFree:          15408 kB
LowTotal:         880916 kB
LowFree:           98956 kB
SwapTotal:        999420 kB
SwapFree:            400 kB
Dirty:               336 kB
Writeback:             0 kB
AnonPages:       1471688 kB
Mapped:            32568 kB
Shmem:            319920 kB
Slab:              33924 kB
SReclaimable:      15244 kB
SUnreclaim:        18680 kB
KernelStack:        4240 kB
PageTables:        16108 kB
NFS_Unstable:          0 kB
Bounce:                0 kB
WritebackTmp:          0 kB
CommitLimit:     2011780 kB
Committed_AS:    6210876 kB
VmallocTotal:     122880 kB
VmallocUsed:       13820 kB
VmallocChunk:     105764 kB
HardwareCorrupted:     0 kB
AnonHugePages:    653312 kB
HugePages_Total:       0
HugePages_Free:        0
HugePages_Rsvd:        0
HugePages_Surp:        0
Hugepagesize:       2048 kB
DirectMap4k:       18424 kB
DirectMap2M:      894976 kB


CPU:total 2 (2 cores per cpu, 1 threads per core) family 6 model 15 stepping 13, cmov, cx8, fxsr, mmx, sse, sse2, sse3, ssse3, tsc

/proc/cpuinfo:
processor	: 0
vendor_id	: GenuineIntel
cpu family	: 6
model		: 15
model name	: Intel(R) Core(TM)2 Duo CPU     T5750  @ 2.00GHz
stepping	: 13
microcode	: 0xa3
cpu MHz		: 2000.000
cache size	: 2048 KB
physical id	: 0
siblings	: 2
core id		: 0
cpu cores	: 2
apicid		: 0
initial apicid	: 0
fdiv_bug	: no
f00f_bug	: no
coma_bug	: no
fpu		: yes
fpu_exception	: yes
cpuid level	: 10
wp		: yes
flags		: fpu vme de pse tsc msr pae mce cx8 apic sep mtrr pge mca cmov pat pse36 clflush dts acpi mmx fxsr sse sse2 ss ht tm pbe nx lm constant_tsc arch_perfmon pebs bts aperfmperf pni dtes64 monitor ds_cpl est tm2 ssse3 cx16 xtpr pdcm lahf_lm dtherm
bogomips	: 3990.14
clflush size	: 64
cache_alignment	: 64
address sizes	: 36 bits physical, 48 bits virtual
power management:

processor	: 1
vendor_id	: GenuineIntel
cpu family	: 6
model		: 15
model name	: Intel(R) Core(TM)2 Duo CPU     T5750  @ 2.00GHz
stepping	: 13
microcode	: 0xa3
cpu MHz		: 2000.000
cache size	: 2048 KB
physical id	: 0
siblings	: 2
core id		: 1
cpu cores	: 2
apicid		: 1
initial apicid	: 1
fdiv_bug	: no
f00f_bug	: no
coma_bug	: no
fpu		: yes
fpu_exception	: yes
cpuid level	: 10
wp		: yes
flags		: fpu vme de pse tsc msr pae mce cx8 apic sep mtrr pge mca cmov pat pse36 clflush dts acpi mmx fxsr sse sse2 ss ht tm pbe nx lm constant_tsc arch_perfmon pebs bts aperfmperf pni dtes64 monitor ds_cpl est tm2 ssse3 cx16 xtpr pdcm lahf_lm dtherm
bogomips	: 3990.14
clflush size	: 64
cache_alignment	: 64
address sizes	: 36 bits physical, 48 bits virtual
power management:



Memory: 4k page, physical 2024724k(114364k free), swap 999420k(400k free)

vm_info: Java HotSpot(TM) Server VM (24.65-b04) for linux-x86 JRE (1.7.0_67-b01), built on Jul 25 2014 08:54:54 by "java_re" with gcc 4.3.0 20080428 (Red Hat 4.3.0-8)

time: Fri Nov 28 01:17:11 2014
elapsed time: 65 seconds

