#
# There is insufficient memory for the Java Runtime Environment to continue.
# Native memory allocation (malloc) failed to allocate 76546048 bytes for committing reserved memory.
# Possible reasons:
#   The system is out of physical RAM or swap space
#   In 32 bit mode, the process size limit was hit
# Possible solutions:
#   Reduce memory load on the system
#   Increase physical memory or swap space
#   Check if swap backing store is full
#   Use 64 bit Java on a 64 bit OS
#   Decrease Java heap size (-Xmx/-Xms)
#   Decrease number of Java threads
#   Decrease Java thread stack sizes (-Xss)
#   Set larger code cache with -XX:ReservedCodeCacheSize=
# This output file may be truncated or incomplete.
#
#  Out of Memory Error (os_linux.cpp:2745), pid=8789, tid=1817926464
#
# JRE version: Java(TM) SE Runtime Environment (7.0_67-b01) (build 1.7.0_67-b01)
# Java VM: Java HotSpot(TM) Server VM (24.65-b04 mixed mode linux-x86 )
# Failed to write core dump. Core dumps have been disabled. To enable core dumping, try "ulimit -c unlimited" before starting Java again
#

---------------  T H R E A D  ---------------

Current thread (0x6c410400):  VMThread [stack: 0x6c535000,0x6c5b6000] [id=8800]

Stack: [0x6c535000,0x6c5b6000],  sp=0x6c5b4720,  free space=509k
Native frames: (J=compiled Java code, j=interpreted, Vv=VM code, C=native code)
V  [libjvm.so+0x7e6b76]  VMError::report_and_die()+0x1a6
V  [libjvm.so+0x33d852]  report_vm_out_of_memory(char const*, int, unsigned int, char const*)+0x72
V  [libjvm.so+0x684cf1]  os::Linux::commit_memory_impl(char*, unsigned int, bool)+0xe1
V  [libjvm.so+0x6851b8]  os::pd_commit_memory(char*, unsigned int, unsigned int, bool)+0x28
V  [libjvm.so+0x67e92c]  os::commit_memory(char*, unsigned int, unsigned int, bool)+0x2c
V  [libjvm.so+0x6e8518]  PSVirtualSpace::expand_by(unsigned int)+0x48
V  [libjvm.so+0x6e961a]  PSYoungGen::resize_generation(unsigned int, unsigned int)+0xda
V  [libjvm.so+0x6e8959]  PSYoungGen::resize(unsigned int, unsigned int)+0x19
V  [libjvm.so+0x6e630e]  PSScavenge::invoke_no_policy()+0xd5e
V  [libjvm.so+0x6e6ae8]  PSScavenge::invoke()+0x28
V  [libjvm.so+0x6a491a]  ParallelScavengeHeap::failed_mem_allocate(unsigned int)+0x5a
V  [libjvm.so+0x7e840a]  VM_ParallelGCFailedAllocation::doit()+0x7a
V  [libjvm.so+0x7f1227]  VM_Operation::evaluate()+0x47
V  [libjvm.so+0x7ef2c3]  VMThread::evaluate_operation(VM_Operation*)+0xb3
V  [libjvm.so+0x7ef660]  VMThread::loop()+0x1b0
V  [libjvm.so+0x7efac5]  VMThread::run()+0x85
V  [libjvm.so+0x686fc9]  java_start(Thread*)+0x119
C  [libpthread.so.0+0x6f70]  start_thread+0xd0

VM_Operation (0xb684e924): ParallelGCFailedAllocation, mode: safepoint, requested by thread 0xb6607800


---------------  P R O C E S S  ---------------

Java Threads: ( => current thread )
  0x6c429800 JavaThread "Service Thread" daemon [_thread_blocked, id=8806, stack(0x6be4f000,0x6bea0000)]
  0x6c427c00 JavaThread "C2 CompilerThread1" daemon [_thread_blocked, id=8805, stack(0x6bea0000,0x6bf21000)]
  0x6c425c00 JavaThread "C2 CompilerThread0" daemon [_thread_blocked, id=8804, stack(0x6bf21000,0x6bfa2000)]
  0x6c424000 JavaThread "Signal Dispatcher" daemon [_thread_blocked, id=8803, stack(0x6bfa2000,0x6bff3000)]
  0x6c414400 JavaThread "Finalizer" daemon [_thread_blocked, id=8802, stack(0x6c35e000,0x6c3af000)]
  0x6c412c00 JavaThread "Reference Handler" daemon [_thread_blocked, id=8801, stack(0x6c3af000,0x6c400000)]
  0xb6607800 JavaThread "main" [_thread_blocked, id=8797, stack(0xb67ff000,0xb6850000)]

Other Threads:
=>0x6c410400 VMThread [stack: 0x6c535000,0x6c5b6000] [id=8800]
  0x6c42b400 WatcherThread [stack: 0x6bdce000,0x6be4f000] [id=8807]

VM state:at safepoint (normal execution)

VM Mutex/Monitor currently owned by a thread:  ([mutex/lock_event])
[0xb6604f00] Threads_lock - owner thread: 0x6c410400
[0xb6605310] Heap_lock - owner thread: 0xb6607800

Heap
 PSYoungGen      total 72192K, used 7423K [0x9dfc0000, 0xa2e40000, 0xb3540000)
  eden space 64768K, 0% used [0x9dfc0000,0x9dfc0000,0xa1f00000)
  from space 7424K, 99% used [0xa1f00000,0xa263fd78,0xa2640000)
  to   space 6656K, 0% used [0xa2640000,0xa2640000,0xa2cc0000)
 ParOldGen       total 22016K, used 21857K [0x73540000, 0x74ac0000, 0x9dfc0000)
  object space 22016K, 99% used [0x73540000,0x74a98698,0x74ac0000)
 PSPermGen       total 16384K, used 3734K [0x6f540000, 0x70540000, 0x73540000)
  object space 16384K, 22% used [0x6f540000,0x6f8e5b58,0x70540000)

Card table byte_map: [0x6f31f000,0x6f540000] byte_map_base: 0x6efa4600

Polling page: 0xb778f000

Code Cache  [0xb3600000, 0xb3840000, 0xb6600000)
 total_blobs=629 nmethods=510 adapters=73 free_code_cache=47385Kb largest_free_block=48468480

Compilation events (10 events):
Event: 14,831 Thread 0x6c425c00 nmethod 517 0xb36af988 code [0xb36afa60, 0xb36afab0]
Event: 14,831 Thread 0x6c425c00  518             java.util.TreeMap::successor (66 bytes)
Event: 14,833 Thread 0x6c425c00 nmethod 518 0xb36b3148 code [0xb36b3240, 0xb36b32f0]
Event: 14,833 Thread 0x6c425c00  519             com.android.dx.dex.code.RopToDop::dopFor (792 bytes)
Event: 14,864 Thread 0x6c425c00 nmethod 519 0xb370e088 code [0xb370e420, 0xb370ee04]
Event: 14,864 Thread 0x6c425c00  520             com.android.dx.cf.code.BaseMachine::auxCstArg (20 bytes)
Event: 14,865 Thread 0x6c425c00 nmethod 520 0xb36af748 code [0xb36af840, 0xb36af8b0]
Event: 14,865 Thread 0x6c425c00  521             com.android.dx.ssa.RegisterMapper::<init> (5 bytes)
Event: 14,865 Thread 0x6c425c00 nmethod 521 0xb36b2fc8 code [0xb36b30a0, 0xb36b30f0]
Event: 14,865 Thread 0x6c425c00  522             com.android.dx.cf.code.Simulator$SimVisitor::visitConstant (332 bytes)

GC Heap History (10 events):
Event: 4,858 GC heap after
Heap after GC invocations=2 (full 0):
 PSYoungGen      total 17664K, used 1272K [0x9dfc0000, 0x9f240000, 0xb3540000)
  eden space 16384K, 0% used [0x9dfc0000,0x9dfc0000,0x9efc0000)
  from space 1280K, 99% used [0x9f100000,0x9f23e070,0x9f240000)
  to   space 1280K, 0% used [0x9efc0000,0x9efc0000,0x9f100000)
 ParOldGen       total 20992K, used 2828K [0x73540000, 0x749c0000, 0x9dfc0000)
  object space 20992K, 13% used [0x73540000,0x738032a0,0x749c0000)
 PSPermGen       total 16384K, used 3555K [0x6f540000, 0x70540000, 0x73540000)
  object space 16384K, 21% used [0x6f540000,0x6f8b8db0,0x70540000)
}
Event: 6,519 GC heap before
{Heap before GC invocations=3 (full 0):
 PSYoungGen      total 17664K, used 17656K [0x9dfc0000, 0x9f240000, 0xb3540000)
  eden space 16384K, 100% used [0x9dfc0000,0x9efc0000,0x9efc0000)
  from space 1280K, 99% used [0x9f100000,0x9f23e070,0x9f240000)
  to   space 1280K, 0% used [0x9efc0000,0x9efc0000,0x9f100000)
 ParOldGen       total 20992K, used 2828K [0x73540000, 0x749c0000, 0x9dfc0000)
  object space 20992K, 13% used [0x73540000,0x738032a0,0x749c0000)
 PSPermGen       total 16384K, used 3649K [0x6f540000, 0x70540000, 0x73540000)
  object space 16384K, 22% used [0x6f540000,0x6f8d0628,0x70540000)
Event: 6,562 GC heap after
Heap after GC invocations=3 (full 0):
 PSYoungGen      total 17664K, used 1272K [0x9dfc0000, 0xa0240000, 0xb3540000)
  eden space 16384K, 0% used [0x9dfc0000,0x9dfc0000,0x9efc0000)
  from space 1280K, 99% used [0x9efc0000,0x9f0fe0f8,0x9f100000)
  to   space 1280K, 0% used [0xa0100000,0xa0100000,0xa0240000)
 ParOldGen       total 20992K, used 5733K [0x73540000, 0x749c0000, 0x9dfc0000)
  object space 20992K, 27% used [0x73540000,0x73ad9780,0x749c0000)
 PSPermGen       total 16384K, used 3649K [0x6f540000, 0x70540000, 0x73540000)
  object space 16384K, 22% used [0x6f540000,0x6f8d0628,0x70540000)
}
Event: 8,407 GC heap before
{Heap before GC invocations=4 (full 0):
 PSYoungGen      total 17664K, used 17656K [0x9dfc0000, 0xa0240000, 0xb3540000)
  eden space 16384K, 100% used [0x9dfc0000,0x9efc0000,0x9efc0000)
  from space 1280K, 99% used [0x9efc0000,0x9f0fe0f8,0x9f100000)
  to   space 1280K, 0% used [0xa0100000,0xa0100000,0xa0240000)
 ParOldGen       total 20992K, used 5733K [0x73540000, 0x749c0000, 0x9dfc0000)
  object space 20992K, 27% used [0x73540000,0x73ad9780,0x749c0000)
 PSPermGen       total 16384K, used 3673K [0x6f540000, 0x70540000, 0x73540000)
  object space 16384K, 22% used [0x6f540000,0x6f8d6568,0x70540000)
Event: 8,431 GC heap after
Heap after GC invocations=4 (full 0):
 PSYoungGen      total 34048K, used 1272K [0x9dfc0000, 0xa0240000, 0xb3540000)
  eden space 32768K, 0% used [0x9dfc0000,0x9dfc0000,0x9ffc0000)
  from space 1280K, 99% used [0xa0100000,0xa023e0f8,0xa0240000)
  to   space 1280K, 0% used [0x9ffc0000,0x9ffc0000,0xa0100000)
 ParOldGen       total 20992K, used 8455K [0x73540000, 0x749c0000, 0x9dfc0000)
  object space 20992K, 40% used [0x73540000,0x73d81c70,0x749c0000)
 PSPermGen       total 16384K, used 3673K [0x6f540000, 0x70540000, 0x73540000)
  object space 16384K, 22% used [0x6f540000,0x6f8d6568,0x70540000)
}
Event: 9,349 GC heap before
{Heap before GC invocations=5 (full 0):
 PSYoungGen      total 34048K, used 34040K [0x9dfc0000, 0xa0240000, 0xb3540000)
  eden space 32768K, 100% used [0x9dfc0000,0x9ffc0000,0x9ffc0000)
  from space 1280K, 99% used [0xa0100000,0xa023e0f8,0xa0240000)
  to   space 1280K, 0% used [0x9ffc0000,0x9ffc0000,0xa0100000)
 ParOldGen       total 20992K, used 8455K [0x73540000, 0x749c0000, 0x9dfc0000)
  object space 20992K, 40% used [0x73540000,0x73d81c70,0x749c0000)
 PSPermGen       total 16384K, used 3695K [0x6f540000, 0x70540000, 0x73540000)
  object space 16384K, 22% used [0x6f540000,0x6f8dbdc8,0x70540000)
Event: 9,410 GC heap after
Heap after GC invocations=5 (full 0):
 PSYoungGen      total 34048K, used 1278K [0x9dfc0000, 0xa2cc0000, 0xb3540000)
  eden space 32768K, 0% used [0x9dfc0000,0x9dfc0000,0x9ffc0000)
  from space 1280K, 99% used [0x9ffc0000,0xa00ff978,0xa0100000)
  to   space 6656K, 0% used [0xa2640000,0xa2640000,0xa2cc0000)
 ParOldGen       total 20992K, used 13640K [0x73540000, 0x749c0000, 0x9dfc0000)
  object space 20992K, 64% used [0x73540000,0x742923e8,0x749c0000)
 PSPermGen       total 16384K, used 3695K [0x6f540000, 0x70540000, 0x73540000)
  object space 16384K, 22% used [0x6f540000,0x6f8dbdc8,0x70540000)
}
Event: 10,364 GC heap before
{Heap before GC invocations=6 (full 0):
 PSYoungGen      total 34048K, used 34046K [0x9dfc0000, 0xa2cc0000, 0xb3540000)
  eden space 32768K, 100% used [0x9dfc0000,0x9ffc0000,0x9ffc0000)
  from space 1280K, 99% used [0x9ffc0000,0xa00ff978,0xa0100000)
  to   space 6656K, 0% used [0xa2640000,0xa2640000,0xa2cc0000)
 ParOldGen       total 20992K, used 13640K [0x73540000, 0x749c0000, 0x9dfc0000)
  object space 20992K, 64% used [0x73540000,0x742923e8,0x749c0000)
 PSPermGen       total 16384K, used 3707K [0x6f540000, 0x70540000, 0x73540000)
  object space 16384K, 22% used [0x6f540000,0x6f8deeb0,0x70540000)
Event: 10,405 GC heap after
Heap after GC invocations=6 (full 0):
 PSYoungGen      total 71424K, used 6352K [0x9dfc0000, 0xa2e40000, 0xb3540000)
  eden space 64768K, 0% used [0x9dfc0000,0x9dfc0000,0xa1f00000)
  from space 6656K, 95% used [0xa2640000,0xa2c741a8,0xa2cc0000)
  to   space 7424K, 0% used [0xa1f00000,0xa1f00000,0xa2640000)
 ParOldGen       total 20992K, used 13640K [0x73540000, 0x749c0000, 0x9dfc0000)
  object space 20992K, 64% used [0x73540000,0x742923e8,0x749c0000)
 PSPermGen       total 16384K, used 3707K [0x6f540000, 0x70540000, 0x73540000)
  object space 16384K, 22% used [0x6f540000,0x6f8deeb0,0x70540000)
}
Event: 15,828 GC heap before
{Heap before GC invocations=7 (full 0):
 PSYoungGen      total 71424K, used 71120K [0x9dfc0000, 0xa2e40000, 0xb3540000)
  eden space 64768K, 100% used [0x9dfc0000,0xa1f00000,0xa1f00000)
  from space 6656K, 95% used [0xa2640000,0xa2c741a8,0xa2cc0000)
  to   space 7424K, 0% used [0xa1f00000,0xa1f00000,0xa2640000)
 ParOldGen       total 20992K, used 13640K [0x73540000, 0x749c0000, 0x9dfc0000)
  object space 20992K, 64% used [0x73540000,0x742923e8,0x749c0000)
 PSPermGen       total 16384K, used 3734K [0x6f540000, 0x70540000, 0x73540000)
  object space 16384K, 22% used [0x6f540000,0x6f8e5b58,0x70540000)

Deoptimization events (10 events):
Event: 9,778 Thread 0xb6607800 Uncommon trap: reason=bimorphic action=maybe_recompile pc=0xb37107b8 method=com.android.dx.ssa.LiteralOpUpgrader.tryReplacingWithConstant(Lcom/android/dx/ssa/NormalSsaInsn;)Z @ 52
Event: 9,785 Thread 0xb6607800 Uncommon trap: reason=bimorphic action=maybe_recompile pc=0xb37107b8 method=com.android.dx.ssa.LiteralOpUpgrader.tryReplacingWithConstant(Lcom/android/dx/ssa/NormalSsaInsn;)Z @ 52
Event: 9,785 Thread 0xb6607800 Uncommon trap: reason=bimorphic action=maybe_recompile pc=0xb3714918 method=com.android.dx.ssa.LiteralOpUpgrader.tryReplacingWithConstant(Lcom/android/dx/ssa/NormalSsaInsn;)Z @ 52
Event: 9,832 Thread 0xb6607800 Uncommon trap: reason=class_check action=maybe_recompile pc=0xb3682870 method=java.util.HashMap.put(Ljava/lang/Object;Ljava/lang/Object;)Ljava/lang/Object; @ 83
Event: 9,940 Thread 0xb6607800 Uncommon trap: reason=class_check action=maybe_recompile pc=0xb3682870 method=java.util.HashMap.put(Ljava/lang/Object;Ljava/lang/Object;)Ljava/lang/Object; @ 83
Event: 9,965 Thread 0xb6607800 Uncommon trap: reason=class_check action=maybe_recompile pc=0xb3682870 method=java.util.HashMap.put(Ljava/lang/Object;Ljava/lang/Object;)Ljava/lang/Object; @ 83
Event: 10,162 Thread 0xb6607800 Uncommon trap: reason=unreached action=reinterpret pc=0xb36f0204 method=com.android.dx.ssa.MoveParamCombiner$1.visitNonMoveInsn(Lcom/android/dx/ssa/NormalSsaInsn;)V @ 27
Event: 11,214 Thread 0xb6607800 Uncommon trap: reason=class_check action=maybe_recompile pc=0xb36d9adc method=com.android.dx.cf.code.Ropper.processBlock(Lcom/android/dx/cf/code/ByteBlock;Lcom/android/dx/cf/code/Frame;[I)V @ 777
Event: 12,017 Thread 0xb6607800 Uncommon trap: reason=unloaded action=reinterpret pc=0xb374d444 method=com.android.dx.cf.cst.ConstantPoolParser.parse0(ILjava/util/BitSet;)Lcom/android/dx/rop/cst/Constant; @ 220
Event: 13,786 Thread 0xb6607800 Uncommon trap: reason=null_check action=make_not_entrant pc=0xb3797864 method=com.android.dx.dex.cf.AttributeTranslator.getSignature(Lcom/android/dx/cf/iface/AttributeList;)Lcom/android/dx/rop/annotation/Annotation; @ 8

Internal exceptions (10 events):
Event: 6,280 Thread 0xb6607800 Threw 0x9ecd90f0 at /HUDSON/workspace/7u-2-build-linux-i586/jdk7u67/1368/hotspot/src/share/vm/prims/jvm.cpp:1244
Event: 6,280 Thread 0xb6607800 Threw 0x9ecdb448 at /HUDSON/workspace/7u-2-build-linux-i586/jdk7u67/1368/hotspot/src/share/vm/prims/jvm.cpp:1244
Event: 6,410 Thread 0xb6607800 Threw 0x9ee86ad8 at /HUDSON/workspace/7u-2-build-linux-i586/jdk7u67/1368/hotspot/src/share/vm/prims/jvm.cpp:1244
Event: 6,410 Thread 0xb6607800 Threw 0x9ee8c1a0 at /HUDSON/workspace/7u-2-build-linux-i586/jdk7u67/1368/hotspot/src/share/vm/prims/jvm.cpp:1244
Event: 6,411 Thread 0xb6607800 Threw 0x9ee914f0 at /HUDSON/workspace/7u-2-build-linux-i586/jdk7u67/1368/hotspot/src/share/vm/prims/jvm.cpp:1244
Event: 6,958 Thread 0xb6607800 Implicit null exception at 0xb3669553 to 0xb3669e71
Event: 8,518 Thread 0xb6607800 Threw 0x9e55d7c0 at /HUDSON/workspace/7u-2-build-linux-i586/jdk7u67/1368/hotspot/src/share/vm/prims/jvm.cpp:1244
Event: 8,683 Thread 0xb6607800 Threw 0x9eec3b78 at /HUDSON/workspace/7u-2-build-linux-i586/jdk7u67/1368/hotspot/src/share/vm/prims/jvm.cpp:1244
Event: 12,042 Thread 0xb6607800 Threw 0x9fd27428 at /HUDSON/workspace/7u-2-build-linux-i586/jdk7u67/1368/hotspot/src/share/vm/prims/jvm.cpp:1244
Event: 13,786 Thread 0xb6607800 Implicit null exception at 0xb3796748 to 0xb3797831

Events (10 events):
Event: 12,042 loading class 0x6c44bd80 done
Event: 12,073 Thread 0x6c425c00 flushing nmethod 0xb3669108
Event: 13,786 Thread 0xb6607800 Uncommon trap: trap_request=0xfffffff4 fr.pc=0xb3797864
Event: 13,786 Thread 0xb6607800 DEOPT PACKING pc=0xb3797864 sp=0xb684ec30
Event: 13,786 Thread 0xb6607800 DEOPT UNPACKING pc=0xb362cbc8 sp=0xb684eb6c mode 2
Event: 14,669 Thread 0x6c425c00 flushing nmethod 0xb368db88
Event: 14,675 Thread 0x6c427c00 flushing nmethod 0xb36af748
Event: 14,718 Thread 0x6c425c00 flushing nmethod 0xb370b6c8
Event: 14,723 Thread 0x6c425c00 flushing nmethod 0xb371fec8
Event: 15,828 Executing VM operation: ParallelGCFailedAllocation


Dynamic libraries:
08048000-08049000 r-xp 00000000 08:06 2501514    /usr/lib/jvm/java-7-oracle/jre/bin/java
08049000-0804a000 rw-p 00000000 08:06 2501514    /usr/lib/jvm/java-7-oracle/jre/bin/java
08d43000-09416000 rw-p 00000000 00:00 0          [heap]
6b400000-6b4f8000 rw-p 00000000 00:00 0 
6b4f8000-6b500000 ---p 00000000 00:00 0 
6b500000-6b5f6000 rw-p 00000000 00:00 0 
6b5f6000-6b600000 ---p 00000000 00:00 0 
6b600000-6b6e2000 rw-p 00000000 00:00 0 
6b6e2000-6b700000 ---p 00000000 00:00 0 
6b700000-6b800000 rw-p 00000000 00:00 0 
6b800000-6b8fe000 rw-p 00000000 00:00 0 
6b8fe000-6b900000 ---p 00000000 00:00 0 
6ba00000-6bafc000 rw-p 00000000 00:00 0 
6bafc000-6bb00000 ---p 00000000 00:00 0 
6bb00000-6bb29000 rw-p 00000000 00:00 0 
6bb29000-6bc00000 ---p 00000000 00:00 0 
6bc00000-6bcef000 rw-p 00000000 00:00 0 
6bcef000-6bd00000 ---p 00000000 00:00 0 
6bdce000-6bdcf000 ---p 00000000 00:00 0 
6bdcf000-6be4f000 rw-p 00000000 00:00 0          [stack:8807]
6be4f000-6be52000 ---p 00000000 00:00 0 
6be52000-6bea0000 rw-p 00000000 00:00 0          [stack:8806]
6bea0000-6bea3000 ---p 00000000 00:00 0 
6bea3000-6bf21000 rw-p 00000000 00:00 0          [stack:8805]
6bf21000-6bf24000 ---p 00000000 00:00 0 
6bf24000-6bfa2000 rw-p 00000000 00:00 0          [stack:8804]
6bfa2000-6bfa5000 ---p 00000000 00:00 0 
6bfa5000-6bff3000 rw-p 00000000 00:00 0          [stack:8803]
6bff3000-6c15e000 r--p 00858000 08:06 2368045    /usr/lib/locale/locale-archive
6c15e000-6c35e000 r--p 00000000 08:06 2368045    /usr/lib/locale/locale-archive
6c35e000-6c361000 ---p 00000000 00:00 0 
6c361000-6c3af000 rw-p 00000000 00:00 0          [stack:8802]
6c3af000-6c3b2000 ---p 00000000 00:00 0 
6c3b2000-6c400000 rw-p 00000000 00:00 0          [stack:8801]
6c400000-6c4fe000 rw-p 00000000 00:00 0 
6c4fe000-6c500000 ---p 00000000 00:00 0 
6c535000-6c536000 ---p 00000000 00:00 0 
6c536000-6c601000 rw-p 00000000 00:00 0          [stack:8800]
6c601000-6c7c0000 r--s 039e5000 08:06 2502273    /usr/lib/jvm/java-7-oracle/jre/lib/rt.jar
6c7c0000-6ee00000 rw-p 00000000 00:00 0 
6ee00000-6eeff000 rw-p 00000000 00:00 0 
6eeff000-6ef00000 ---p 00000000 00:00 0 
6ef24000-6ef7f000 rw-p 00000000 00:00 0 
6ef7f000-6ef80000 ---p 00000000 00:00 0 
6ef80000-6f000000 rw-p 00000000 00:00 0          [stack:8799]
6f000000-6f021000 rw-p 00000000 00:00 0 
6f021000-6f100000 ---p 00000000 00:00 0 
6f132000-6f147000 r-xp 00000000 08:06 2501618    /usr/lib/jvm/java-7-oracle/jre/lib/i386/libnet.so
6f147000-6f148000 rw-p 00014000 08:06 2501618    /usr/lib/jvm/java-7-oracle/jre/lib/i386/libnet.so
6f148000-6f149000 ---p 00000000 00:00 0 
6f149000-6f1d4000 rw-p 00000000 00:00 0          [stack:8798]
6f1d4000-6f31f000 rw-p 00000000 00:00 0 
6f31f000-6f327000 rw-p 00000000 00:00 0 
6f327000-6f33f000 rw-p 00000000 00:00 0 
6f33f000-6f34a000 rw-p 00000000 00:00 0 
6f34a000-6f494000 rw-p 00000000 00:00 0 
6f494000-6f4bc000 rw-p 00000000 00:00 0 
6f4bc000-6f53f000 rw-p 00000000 00:00 0 
6f53f000-70540000 rw-p 00000000 00:00 0 
70540000-73540000 rw-p 00000000 00:00 0 
73540000-74ac0000 rw-p 00000000 00:00 0 
74ac0000-9dfc0000 rw-p 00000000 00:00 0 
9dfc0000-a2e40000 rw-p 00000000 00:00 0 
a74f5000-a7710000 rw-p 00000000 00:00 0 
a7710000-a7740000 r--p 00000000 08:06 3031098    /usr/share/locale-langpack/uk/LC_MESSAGES/libc.mo
a7740000-b3540000 rw-p 00000000 00:00 0 
b3540000-b3549000 rw-p 00000000 00:00 0 
b3549000-b3600000 rw-p 00000000 00:00 0 
b3600000-b3840000 rwxp 00000000 00:00 0 
b3840000-b66f3000 rw-p 00000000 00:00 0 
b66f3000-b6700000 ---p 00000000 00:00 0 
b6711000-b6712000 rw-p 00000000 00:00 0 
b6712000-b6720000 r-xp 00000000 08:06 2501643    /usr/lib/jvm/java-7-oracle/jre/lib/i386/libnio.so
b6720000-b6721000 rw-p 0000e000 08:06 2501643    /usr/lib/jvm/java-7-oracle/jre/lib/i386/libnio.so
b6721000-b672f000 r--s 0008e000 08:06 2905897    /home/john/Downloads/AboutState/app/build/intermediates/exploded-aar/com.android.support/support-v4/20.0.0/classes.jar
b672f000-b6751000 rw-p 00000000 00:00 0 
b6751000-b6769000 rw-p 00000000 00:00 0 
b6769000-b6780000 r-xp 00000000 08:06 2501650    /usr/lib/jvm/java-7-oracle/jre/lib/i386/libzip.so
b6780000-b6781000 rw-p 00017000 08:06 2501650    /usr/lib/jvm/java-7-oracle/jre/lib/i386/libzip.so
b6781000-b678c000 r-xp 00000000 08:06 2622528    /lib/i386-linux-gnu/libnss_files-2.19.so
b678c000-b678d000 r--p 0000a000 08:06 2622528    /lib/i386-linux-gnu/libnss_files-2.19.so
b678d000-b678e000 rw-p 0000b000 08:06 2622528    /lib/i386-linux-gnu/libnss_files-2.19.so
b678e000-b6798000 r-xp 00000000 08:06 2622538    /lib/i386-linux-gnu/libnss_nis-2.19.so
b6798000-b6799000 r--p 00009000 08:06 2622538    /lib/i386-linux-gnu/libnss_nis-2.19.so
b6799000-b679a000 rw-p 0000a000 08:06 2622538    /lib/i386-linux-gnu/libnss_nis-2.19.so
b679a000-b67af000 r-xp 00000000 08:06 2622522    /lib/i386-linux-gnu/libnsl-2.19.so
b67af000-b67b0000 r--p 00015000 08:06 2622522    /lib/i386-linux-gnu/libnsl-2.19.so
b67b0000-b67b1000 rw-p 00016000 08:06 2622522    /lib/i386-linux-gnu/libnsl-2.19.so
b67b1000-b67b3000 rw-p 00000000 00:00 0 
b67b3000-b67ba000 r-xp 00000000 08:06 2622524    /lib/i386-linux-gnu/libnss_compat-2.19.so
b67ba000-b67bb000 r--p 00006000 08:06 2622524    /lib/i386-linux-gnu/libnss_compat-2.19.so
b67bb000-b67bc000 rw-p 00007000 08:06 2622524    /lib/i386-linux-gnu/libnss_compat-2.19.so
b67bc000-b67bd000 rw-p 00000000 00:00 0 
b67bd000-b67c4000 r--s 00000000 08:06 2366449    /usr/lib/i386-linux-gnu/gconv/gconv-modules.cache
b67c4000-b67d2000 r--s 000dc000 08:06 3035076    /home/john/dev/android-studio/sdk/build-tools/21.0.2/lib/dx.jar
b67d2000-b67f5000 r-xp 00000000 08:06 2501646    /usr/lib/jvm/java-7-oracle/jre/lib/i386/libjava.so
b67f5000-b67f6000 rw-p 00023000 08:06 2501646    /usr/lib/jvm/java-7-oracle/jre/lib/i386/libjava.so
b67f6000-b67fd000 r-xp 00000000 08:06 2622581    /lib/i386-linux-gnu/librt-2.19.so
b67fd000-b67fe000 r--p 00006000 08:06 2622581    /lib/i386-linux-gnu/librt-2.19.so
b67fe000-b67ff000 rw-p 00007000 08:06 2622581    /lib/i386-linux-gnu/librt-2.19.so
b67ff000-b6802000 ---p 00000000 00:00 0 
b6802000-b6850000 rw-p 00000000 00:00 0          [stack:8797]
b6850000-b6894000 r-xp 00000000 08:06 2622503    /lib/i386-linux-gnu/libm-2.19.so
b6894000-b6895000 r--p 00043000 08:06 2622503    /lib/i386-linux-gnu/libm-2.19.so
b6895000-b6896000 rw-p 00044000 08:06 2622503    /lib/i386-linux-gnu/libm-2.19.so
b6896000-b7119000 r-xp 00000000 08:06 2501632    /usr/lib/jvm/java-7-oracle/jre/lib/i386/server/libjvm.so
b7119000-b717d000 rw-p 00882000 08:06 2501632    /usr/lib/jvm/java-7-oracle/jre/lib/i386/server/libjvm.so
b717d000-b75a1000 rw-p 00000000 00:00 0 
b75a1000-b774a000 r-xp 00000000 08:06 2622453    /lib/i386-linux-gnu/libc-2.19.so
b774a000-b774c000 r--p 001a9000 08:06 2622453    /lib/i386-linux-gnu/libc-2.19.so
b774c000-b774d000 rw-p 001ab000 08:06 2622453    /lib/i386-linux-gnu/libc-2.19.so
b774d000-b7750000 rw-p 00000000 00:00 0 
b7750000-b7753000 r-xp 00000000 08:06 2622470    /lib/i386-linux-gnu/libdl-2.19.so
b7753000-b7754000 r--p 00002000 08:06 2622470    /lib/i386-linux-gnu/libdl-2.19.so
b7754000-b7755000 rw-p 00003000 08:06 2622470    /lib/i386-linux-gnu/libdl-2.19.so
b7755000-b7768000 r-xp 00000000 08:06 2501624    /usr/lib/jvm/java-7-oracle/jre/lib/i386/jli/libjli.so
b7768000-b7769000 rw-p 00012000 08:06 2501624    /usr/lib/jvm/java-7-oracle/jre/lib/i386/jli/libjli.so
b7769000-b776a000 rw-p 00000000 00:00 0 
b776a000-b7782000 r-xp 00000000 08:06 2622573    /lib/i386-linux-gnu/libpthread-2.19.so
b7782000-b7783000 r--p 00017000 08:06 2622573    /lib/i386-linux-gnu/libpthread-2.19.so
b7783000-b7784000 rw-p 00018000 08:06 2622573    /lib/i386-linux-gnu/libpthread-2.19.so
b7784000-b7786000 rw-p 00000000 00:00 0 
b7786000-b778e000 rw-s 00000000 08:06 1716939    /tmp/hsperfdata_john/8789
b778e000-b778f000 rw-p 00000000 00:00 0 
b778f000-b7790000 ---p 00000000 00:00 0 
b7790000-b779b000 r-xp 00000000 08:06 2501595    /usr/lib/jvm/java-7-oracle/jre/lib/i386/libverify.so
b779b000-b779c000 rw-p 0000b000 08:06 2501595    /usr/lib/jvm/java-7-oracle/jre/lib/i386/libverify.so
b779c000-b779e000 rw-p 00000000 00:00 0 
b779e000-b779f000 r-xp 00000000 00:00 0          [vdso]
b779f000-b77bf000 r-xp 00000000 08:06 2622429    /lib/i386-linux-gnu/ld-2.19.so
b77bf000-b77c0000 r--p 0001f000 08:06 2622429    /lib/i386-linux-gnu/ld-2.19.so
b77c0000-b77c1000 rw-p 00020000 08:06 2622429    /lib/i386-linux-gnu/ld-2.19.so
bfc65000-bfc66000 rwxp 00000000 00:00 0 
bfc98000-bfcb9000 rw-p 00000000 00:00 0          [stack]

VM Arguments:
jvm_args: -Xmx1024M 
java_command: /home/john/dev/android-studio/sdk/build-tools/21.0.2/lib/dx.jar --dex --output /home/john/Downloads/AboutState/app/build/intermediates/pre-dexed/debug/classes-1e3c55a291ffa9808916fb06c17691644c63bc7f.jar /home/john/Downloads/AboutState/app/build/intermediates/exploded-aar/com.android.support/support-v4/20.0.0/classes.jar
Launcher Type: SUN_STANDARD

Environment Variables:
CLASSPATH=/home/john/dev/android-studio/bin/../lib/bootstrap.jar:/home/john/dev/android-studio/bin/../lib/extensions.jar:/home/john/dev/android-studio/bin/../lib/util.jar:/home/john/dev/android-studio/bin/../lib/jdom.jar:/home/john/dev/android-studio/bin/../lib/log4j.jar:/home/john/dev/android-studio/bin/../lib/trove4j.jar:/home/john/dev/android-studio/bin/../lib/jna.jar:/usr/lib/jvm/java-7-oracle/lib/tools.jar
PATH=/usr/local/sbin:/usr/local/bin:/usr/sbin:/usr/bin:/sbin:/bin:/usr/games:/usr/local/games
LD_LIBRARY_PATH=/home/john/dev/android-studio/bin:
SHELL=/bin/bash
DISPLAY=:0.0

Signal Handlers:
SIGSEGV: [libjvm.so+0x7e7680], sa_mask[0]=0x7ffbfeff, sa_flags=0x10000004
SIGBUS: [libjvm.so+0x7e7680], sa_mask[0]=0x7ffbfeff, sa_flags=0x10000004
SIGFPE: [libjvm.so+0x6818a0], sa_mask[0]=0x7ffbfeff, sa_flags=0x10000004
SIGPIPE: [libjvm.so+0x6818a0], sa_mask[0]=0x7ffbfeff, sa_flags=0x10000004
SIGXFSZ: [libjvm.so+0x6818a0], sa_mask[0]=0x7ffbfeff, sa_flags=0x10000004
SIGILL: [libjvm.so+0x6818a0], sa_mask[0]=0x7ffbfeff, sa_flags=0x10000004
SIGUSR1: SIG_DFL, sa_mask[0]=0x00000000, sa_flags=0x00000000
SIGUSR2: [libjvm.so+0x6830a0], sa_mask[0]=0x00000004, sa_flags=0x10000004
SIGHUP: [libjvm.so+0x6843a0], sa_mask[0]=0x7ffbfeff, sa_flags=0x10000004
SIGINT: [libjvm.so+0x6843a0], sa_mask[0]=0x7ffbfeff, sa_flags=0x10000004
SIGTERM: [libjvm.so+0x6843a0], sa_mask[0]=0x7ffbfeff, sa_flags=0x10000004
SIGQUIT: [libjvm.so+0x6843a0], sa_mask[0]=0x7ffbfeff, sa_flags=0x10000004


---------------  S Y S T E M  ---------------

OS:jessie/sid

uname:Linux 3.13.0-32-generic #57-Ubuntu SMP Tue Jul 15 03:51:12 UTC 2014 i686
libc:glibc 2.19 NPTL 2.19 
rlimit: STACK 8192k, CORE 0k, NPROC 15668, NOFILE 4096, AS infinity
load average:27,48 12,92 5,96

/proc/meminfo:
MemTotal:        2024724 kB
MemFree:          123776 kB
Buffers:              76 kB
Cached:           202552 kB
SwapCached:        11624 kB
Active:          1173036 kB
Inactive:         631812 kB
Active(anon):    1171576 kB
Inactive(anon):   628060 kB
Active(file):       1460 kB
Inactive(file):     3752 kB
Unevictable:          48 kB
Mlocked:              48 kB
HighTotal:       1143808 kB
HighFree:          14872 kB
LowTotal:         880916 kB
LowFree:          108904 kB
SwapTotal:        999420 kB
SwapFree:              4 kB
Dirty:                 4 kB
Writeback:            16 kB
AnonPages:       1590784 kB
Mapped:             3304 kB
Shmem:            197276 kB
Slab:              35208 kB
SReclaimable:      16112 kB
SUnreclaim:        19096 kB
KernelStack:        4424 kB
PageTables:        17096 kB
NFS_Unstable:          0 kB
Bounce:                0 kB
WritebackTmp:          0 kB
CommitLimit:     2011780 kB
Committed_AS:    6469932 kB
VmallocTotal:     122880 kB
VmallocUsed:       13820 kB
VmallocChunk:     106292 kB
HardwareCorrupted:     0 kB
AnonHugePages:    600064 kB
HugePages_Total:       0
HugePages_Free:        0
HugePages_Rsvd:        0
HugePages_Surp:        0
Hugepagesize:       2048 kB
DirectMap4k:       26616 kB
DirectMap2M:      886784 kB


CPU:total 2 (2 cores per cpu, 1 threads per core) family 6 model 15 stepping 13, cmov, cx8, fxsr, mmx, sse, sse2, sse3, ssse3, tsc

/proc/cpuinfo:
processor	: 0
vendor_id	: GenuineIntel
cpu family	: 6
model		: 15
model name	: Intel(R) Core(TM)2 Duo CPU     T5750  @ 2.00GHz
stepping	: 13
microcode	: 0xa3
cpu MHz		: 2000.000
cache size	: 2048 KB
physical id	: 0
siblings	: 2
core id		: 0
cpu cores	: 2
apicid		: 0
initial apicid	: 0
fdiv_bug	: no
f00f_bug	: no
coma_bug	: no
fpu		: yes
fpu_exception	: yes
cpuid level	: 10
wp		: yes
flags		: fpu vme de pse tsc msr pae mce cx8 apic sep mtrr pge mca cmov pat pse36 clflush dts acpi mmx fxsr sse sse2 ss ht tm pbe nx lm constant_tsc arch_perfmon pebs bts aperfmperf pni dtes64 monitor ds_cpl est tm2 ssse3 cx16 xtpr pdcm lahf_lm dtherm
bogomips	: 3989.68
clflush size	: 64
cache_alignment	: 64
address sizes	: 36 bits physical, 48 bits virtual
power management:

processor	: 1
vendor_id	: GenuineIntel
cpu family	: 6
model		: 15
model name	: Intel(R) Core(TM)2 Duo CPU     T5750  @ 2.00GHz
stepping	: 13
microcode	: 0xa3
cpu MHz		: 2000.000
cache size	: 2048 KB
physical id	: 0
siblings	: 2
core id		: 1
cpu cores	: 2
apicid		: 1
initial apicid	: 1
fdiv_bug	: no
f00f_bug	: no
coma_bug	: no
fpu		: yes
fpu_exception	: yes
cpuid level	: 10
wp		: yes
flags		: fpu vme de pse tsc msr pae mce cx8 apic sep mtrr pge mca cmov pat pse36 clflush dts acpi mmx fxsr sse sse2 ss ht tm pbe nx lm constant_tsc arch_perfmon pebs bts aperfmperf pni dtes64 monitor ds_cpl est tm2 ssse3 cx16 xtpr pdcm lahf_lm dtherm
bogomips	: 3989.68
clflush size	: 64
cache_alignment	: 64
address sizes	: 36 bits physical, 48 bits virtual
power management:



Memory: 4k page, physical 2024724k(123460k free), swap 999420k(0k free)

vm_info: Java HotSpot(TM) Server VM (24.65-b04) for linux-x86 JRE (1.7.0_67-b01), built on Jul 25 2014 08:54:54 by "java_re" with gcc 4.3.0 20080428 (Red Hat 4.3.0-8)

